<?xml version="1.0" encoding="UTF-8"?>
<testsuite name="tak.server.InjectorTests" tests="4" skipped="0" failures="0" errors="0" timestamp="2025-04-08T23:00:51" hostname="lenss-10" time="1.791">
  <properties/>
  <testcase name="testAllInjectors" classname="tak.server.InjectorTests" time="0.472"/>
  <testcase name="testDuplicateComparatorForSameUID" classname="tak.server.InjectorTests" time="0.163"/>
  <testcase name="testClusterInjectors" classname="tak.server.InjectorTests" time="1.092"/>
  <testcase name="testUIDSingleEntryDeletion" classname="tak.server.InjectorTests" time="0.06"/>
  <system-out><![CDATA[18:00:51.659 [Test worker] DEBUG o.s.t.c.s.DefaultTestContextBootstrapper - Using ContextCustomizers for test class [InjectorTests]: [DisableObservabilityContextCustomizer, PropertyMappingContextCustomizer, WebDriverContextCustomizer, ExcludeFilterContextCustomizer, DuplicateJsonObjectContextCustomizer, MockitoContextCustomizer]
18:00:51.660 [Test worker] DEBUG o.s.t.c.u.TestContextSpringFactoriesUtils - Skipping candidate TestExecutionListener [org.springframework.test.context.observation.MicrometerObservationRegistryTestExecutionListener] due to a missing dependency. Specify custom TestExecutionListener classes or make the default TestExecutionListener classes and their required dependencies available. Offending class: io.micrometer.context.ThreadLocalAccessor. MicrometerObservationRegistryTestExecutionListener requires io.micrometer:micrometer-observation:1.10.8 or higher and io.micrometer:context-propagation:1.0.3 or higher.
18:00:51.661 [Test worker] DEBUG o.s.t.c.s.DefaultTestContextBootstrapper - Using TestExecutionListeners for test class [InjectorTests]: [ServletTestExecutionListener, DirtiesContextBeforeModesTestExecutionListener, ApplicationEventsTestExecutionListener, MockitoTestExecutionListener, DependencyInjectionTestExecutionListener, DirtiesContextTestExecutionListener, TransactionalTestExecutionListener, SqlScriptsTestExecutionListener, EventPublishingTestExecutionListener, RestDocsTestExecutionListener, MockRestServiceServerResetTestExecutionListener, MockMvcPrintOnlyOnFailureTestExecutionListener, WebDriverTestExecutionListener, MockWebServiceServerTestExecutionListener, ResetMocksTestExecutionListener]
18:00:51.661 [Test worker] DEBUG o.s.t.annotation.ProfileValueUtils - Retrieved @ProfileValueSourceConfiguration [null] for test class [tak.server.InjectorTests]
18:00:51.661 [Test worker] DEBUG o.s.t.annotation.ProfileValueUtils - Retrieved ProfileValueSource type [class org.springframework.test.annotation.SystemProfileValueSource] for class [tak.server.InjectorTests]
18:00:51.661 [Test worker] DEBUG o.s.t.annotation.ProfileValueUtils - Retrieved @ProfileValueSourceConfiguration [null] for test class [tak.server.InjectorTests]
18:00:51.661 [Test worker] DEBUG o.s.t.annotation.ProfileValueUtils - Retrieved ProfileValueSource type [class org.springframework.test.annotation.SystemProfileValueSource] for class [tak.server.InjectorTests]
18:00:51.661 [Test worker] DEBUG o.s.t.c.s.DirtiesContextBeforeModesTestExecutionListener - Before test class: class [InjectorTests], class annotated with @DirtiesContext [false] with mode [null]
18:00:51.661 [Test worker] DEBUG o.springframework.test.context.cache - Spring test ApplicationContext cache statistics: [DefaultContextCache@782143e8 size = 1, maxSize = 32, parentContextCount = 0, hitCount = 36, missCount = 1]
18:00:51.661 [Test worker] DEBUG o.s.t.annotation.ProfileValueUtils - Retrieved @ProfileValueSourceConfiguration [null] for test class [tak.server.InjectorTests]
18:00:51.662 [Test worker] DEBUG o.s.t.annotation.ProfileValueUtils - Retrieved ProfileValueSource type [class org.springframework.test.annotation.SystemProfileValueSource] for class [tak.server.InjectorTests]
18:00:51.662 [Test worker] DEBUG o.s.t.c.s.DependencyInjectionTestExecutionListener - Performing dependency injection for test class tak.server.InjectorTests
18:00:51.662 [Test worker] DEBUG o.springframework.test.context.cache - Spring test ApplicationContext cache statistics: [DefaultContextCache@782143e8 size = 1, maxSize = 32, parentContextCount = 0, hitCount = 37, missCount = 1]
18:00:51.663 [Test worker] DEBUG o.springframework.test.context.cache - Spring test ApplicationContext cache statistics: [DefaultContextCache@782143e8 size = 1, maxSize = 32, parentContextCount = 0, hitCount = 38, missCount = 1]
18:00:51.663 [Test worker] DEBUG o.s.t.c.s.DirtiesContextBeforeModesTestExecutionListener - Before test method: class [InjectorTests], method [testAllInjectors], class annotated with @DirtiesContext [false] with mode [null], method annotated with @DirtiesContext [false] with mode [null]
18:00:51.663 [Test worker] DEBUG o.springframework.test.context.cache - Spring test ApplicationContext cache statistics: [DefaultContextCache@782143e8 size = 1, maxSize = 32, parentContextCount = 0, hitCount = 39, missCount = 1]
18:00:51.664 [Test worker] DEBUG o.springframework.test.context.cache - Spring test ApplicationContext cache statistics: [DefaultContextCache@782143e8 size = 1, maxSize = 32, parentContextCount = 0, hitCount = 40, missCount = 1]
18:00:51.664 [Test worker] DEBUG o.springframework.test.context.cache - Spring test ApplicationContext cache statistics: [DefaultContextCache@782143e8 size = 1, maxSize = 32, parentContextCount = 0, hitCount = 41, missCount = 1]
18:00:52.132 [Test worker] DEBUG o.springframework.test.context.cache - Spring test ApplicationContext cache statistics: [DefaultContextCache@782143e8 size = 1, maxSize = 32, parentContextCount = 0, hitCount = 42, missCount = 1]
18:00:52.132 [Test worker] DEBUG o.springframework.test.context.cache - Spring test ApplicationContext cache statistics: [DefaultContextCache@782143e8 size = 1, maxSize = 32, parentContextCount = 0, hitCount = 43, missCount = 1]
18:00:52.133 [Test worker] DEBUG o.springframework.test.context.cache - Spring test ApplicationContext cache statistics: [DefaultContextCache@782143e8 size = 1, maxSize = 32, parentContextCount = 0, hitCount = 44, missCount = 1]
18:00:52.133 [Test worker] DEBUG o.springframework.test.context.cache - Spring test ApplicationContext cache statistics: [DefaultContextCache@782143e8 size = 1, maxSize = 32, parentContextCount = 0, hitCount = 45, missCount = 1]
18:00:52.133 [Test worker] DEBUG o.springframework.test.context.cache - Spring test ApplicationContext cache statistics: [DefaultContextCache@782143e8 size = 1, maxSize = 32, parentContextCount = 0, hitCount = 46, missCount = 1]
18:00:52.134 [Test worker] DEBUG o.springframework.test.context.cache - Spring test ApplicationContext cache statistics: [DefaultContextCache@782143e8 size = 1, maxSize = 32, parentContextCount = 0, hitCount = 47, missCount = 1]
18:00:52.134 [Test worker] DEBUG o.s.t.c.s.DirtiesContextTestExecutionListener - After test method: class [InjectorTests], method [testAllInjectors], class annotated with @DirtiesContext [false] with mode [null], method annotated with @DirtiesContext [false] with mode [null]
18:00:52.134 [Test worker] DEBUG o.s.t.annotation.ProfileValueUtils - Retrieved @ProfileValueSourceConfiguration [null] for test class [tak.server.InjectorTests]
18:00:52.134 [Test worker] DEBUG o.s.t.annotation.ProfileValueUtils - Retrieved ProfileValueSource type [class org.springframework.test.annotation.SystemProfileValueSource] for class [tak.server.InjectorTests]
18:00:52.135 [Test worker] DEBUG o.s.t.c.s.DependencyInjectionTestExecutionListener - Performing dependency injection for test class tak.server.InjectorTests
18:00:52.135 [Test worker] DEBUG o.springframework.test.context.cache - Spring test ApplicationContext cache statistics: [DefaultContextCache@782143e8 size = 1, maxSize = 32, parentContextCount = 0, hitCount = 48, missCount = 1]
18:00:52.135 [Test worker] DEBUG o.springframework.test.context.cache - Spring test ApplicationContext cache statistics: [DefaultContextCache@782143e8 size = 1, maxSize = 32, parentContextCount = 0, hitCount = 49, missCount = 1]
18:00:52.135 [Test worker] DEBUG o.s.t.c.s.DirtiesContextBeforeModesTestExecutionListener - Before test method: class [InjectorTests], method [testDuplicateComparatorForSameUID], class annotated with @DirtiesContext [false] with mode [null], method annotated with @DirtiesContext [false] with mode [null]
18:00:52.136 [Test worker] DEBUG o.springframework.test.context.cache - Spring test ApplicationContext cache statistics: [DefaultContextCache@782143e8 size = 1, maxSize = 32, parentContextCount = 0, hitCount = 50, missCount = 1]
18:00:52.136 [Test worker] DEBUG o.springframework.test.context.cache - Spring test ApplicationContext cache statistics: [DefaultContextCache@782143e8 size = 1, maxSize = 32, parentContextCount = 0, hitCount = 51, missCount = 1]
18:00:52.136 [Test worker] DEBUG o.springframework.test.context.cache - Spring test ApplicationContext cache statistics: [DefaultContextCache@782143e8 size = 1, maxSize = 32, parentContextCount = 0, hitCount = 52, missCount = 1]
18:00:52.294 [Test worker] DEBUG o.springframework.test.context.cache - Spring test ApplicationContext cache statistics: [DefaultContextCache@782143e8 size = 1, maxSize = 32, parentContextCount = 0, hitCount = 53, missCount = 1]
18:00:52.296 [Test worker] DEBUG o.springframework.test.context.cache - Spring test ApplicationContext cache statistics: [DefaultContextCache@782143e8 size = 1, maxSize = 32, parentContextCount = 0, hitCount = 54, missCount = 1]
18:00:52.297 [Test worker] DEBUG o.springframework.test.context.cache - Spring test ApplicationContext cache statistics: [DefaultContextCache@782143e8 size = 1, maxSize = 32, parentContextCount = 0, hitCount = 55, missCount = 1]
18:00:52.298 [Test worker] DEBUG o.springframework.test.context.cache - Spring test ApplicationContext cache statistics: [DefaultContextCache@782143e8 size = 1, maxSize = 32, parentContextCount = 0, hitCount = 56, missCount = 1]
18:00:52.298 [Test worker] DEBUG o.springframework.test.context.cache - Spring test ApplicationContext cache statistics: [DefaultContextCache@782143e8 size = 1, maxSize = 32, parentContextCount = 0, hitCount = 57, missCount = 1]
18:00:52.298 [Test worker] DEBUG o.springframework.test.context.cache - Spring test ApplicationContext cache statistics: [DefaultContextCache@782143e8 size = 1, maxSize = 32, parentContextCount = 0, hitCount = 58, missCount = 1]
18:00:52.298 [Test worker] DEBUG o.s.t.c.s.DirtiesContextTestExecutionListener - After test method: class [InjectorTests], method [testDuplicateComparatorForSameUID], class annotated with @DirtiesContext [false] with mode [null], method annotated with @DirtiesContext [false] with mode [null]
18:00:52.298 [Test worker] DEBUG o.s.t.annotation.ProfileValueUtils - Retrieved @ProfileValueSourceConfiguration [null] for test class [tak.server.InjectorTests]
18:00:52.299 [Test worker] DEBUG o.s.t.annotation.ProfileValueUtils - Retrieved ProfileValueSource type [class org.springframework.test.annotation.SystemProfileValueSource] for class [tak.server.InjectorTests]
18:00:52.299 [Test worker] DEBUG o.s.t.c.s.DependencyInjectionTestExecutionListener - Performing dependency injection for test class tak.server.InjectorTests
18:00:52.299 [Test worker] DEBUG o.springframework.test.context.cache - Spring test ApplicationContext cache statistics: [DefaultContextCache@782143e8 size = 1, maxSize = 32, parentContextCount = 0, hitCount = 59, missCount = 1]
18:00:52.299 [Test worker] DEBUG o.springframework.test.context.cache - Spring test ApplicationContext cache statistics: [DefaultContextCache@782143e8 size = 1, maxSize = 32, parentContextCount = 0, hitCount = 60, missCount = 1]
18:00:52.300 [Test worker] DEBUG o.s.t.c.s.DirtiesContextBeforeModesTestExecutionListener - Before test method: class [InjectorTests], method [testClusterInjectors], class annotated with @DirtiesContext [false] with mode [null], method annotated with @DirtiesContext [false] with mode [null]
18:00:52.300 [Test worker] DEBUG o.springframework.test.context.cache - Spring test ApplicationContext cache statistics: [DefaultContextCache@782143e8 size = 1, maxSize = 32, parentContextCount = 0, hitCount = 61, missCount = 1]
18:00:52.301 [Test worker] DEBUG o.springframework.test.context.cache - Spring test ApplicationContext cache statistics: [DefaultContextCache@782143e8 size = 1, maxSize = 32, parentContextCount = 0, hitCount = 62, missCount = 1]
18:00:52.301 [Test worker] DEBUG o.springframework.test.context.cache - Spring test ApplicationContext cache statistics: [DefaultContextCache@782143e8 size = 1, maxSize = 32, parentContextCount = 0, hitCount = 63, missCount = 1]
18:00:52.783 [Test worker] DEBUG c.b.m.i.ClusterUidCotTagInjector - deleting injector: InjectorConfig [uid=uid1, toInject=inject1]
18:00:53.389 [Test worker] DEBUG o.springframework.test.context.cache - Spring test ApplicationContext cache statistics: [DefaultContextCache@782143e8 size = 1, maxSize = 32, parentContextCount = 0, hitCount = 64, missCount = 1]
18:00:53.389 [Test worker] DEBUG o.springframework.test.context.cache - Spring test ApplicationContext cache statistics: [DefaultContextCache@782143e8 size = 1, maxSize = 32, parentContextCount = 0, hitCount = 65, missCount = 1]
18:00:53.390 [Test worker] DEBUG o.springframework.test.context.cache - Spring test ApplicationContext cache statistics: [DefaultContextCache@782143e8 size = 1, maxSize = 32, parentContextCount = 0, hitCount = 66, missCount = 1]
18:00:53.390 [Test worker] DEBUG o.springframework.test.context.cache - Spring test ApplicationContext cache statistics: [DefaultContextCache@782143e8 size = 1, maxSize = 32, parentContextCount = 0, hitCount = 67, missCount = 1]
18:00:53.390 [Test worker] DEBUG o.springframework.test.context.cache - Spring test ApplicationContext cache statistics: [DefaultContextCache@782143e8 size = 1, maxSize = 32, parentContextCount = 0, hitCount = 68, missCount = 1]
18:00:53.391 [Test worker] DEBUG o.springframework.test.context.cache - Spring test ApplicationContext cache statistics: [DefaultContextCache@782143e8 size = 1, maxSize = 32, parentContextCount = 0, hitCount = 69, missCount = 1]
18:00:53.391 [Test worker] DEBUG o.s.t.c.s.DirtiesContextTestExecutionListener - After test method: class [InjectorTests], method [testClusterInjectors], class annotated with @DirtiesContext [false] with mode [null], method annotated with @DirtiesContext [false] with mode [null]
18:00:53.391 [Test worker] DEBUG o.s.t.annotation.ProfileValueUtils - Retrieved @ProfileValueSourceConfiguration [null] for test class [tak.server.InjectorTests]
18:00:53.392 [Test worker] DEBUG o.s.t.annotation.ProfileValueUtils - Retrieved ProfileValueSource type [class org.springframework.test.annotation.SystemProfileValueSource] for class [tak.server.InjectorTests]
18:00:53.392 [Test worker] DEBUG o.s.t.c.s.DependencyInjectionTestExecutionListener - Performing dependency injection for test class tak.server.InjectorTests
18:00:53.393 [Test worker] DEBUG o.springframework.test.context.cache - Spring test ApplicationContext cache statistics: [DefaultContextCache@782143e8 size = 1, maxSize = 32, parentContextCount = 0, hitCount = 70, missCount = 1]
18:00:53.393 [Test worker] DEBUG o.springframework.test.context.cache - Spring test ApplicationContext cache statistics: [DefaultContextCache@782143e8 size = 1, maxSize = 32, parentContextCount = 0, hitCount = 71, missCount = 1]
18:00:53.394 [Test worker] DEBUG o.s.t.c.s.DirtiesContextBeforeModesTestExecutionListener - Before test method: class [InjectorTests], method [testUIDSingleEntryDeletion], class annotated with @DirtiesContext [false] with mode [null], method annotated with @DirtiesContext [false] with mode [null]
18:00:53.394 [Test worker] DEBUG o.springframework.test.context.cache - Spring test ApplicationContext cache statistics: [DefaultContextCache@782143e8 size = 1, maxSize = 32, parentContextCount = 0, hitCount = 72, missCount = 1]
18:00:53.394 [Test worker] DEBUG o.springframework.test.context.cache - Spring test ApplicationContext cache statistics: [DefaultContextCache@782143e8 size = 1, maxSize = 32, parentContextCount = 0, hitCount = 73, missCount = 1]
18:00:53.395 [Test worker] DEBUG o.springframework.test.context.cache - Spring test ApplicationContext cache statistics: [DefaultContextCache@782143e8 size = 1, maxSize = 32, parentContextCount = 0, hitCount = 74, missCount = 1]
18:00:53.422 [Test worker] DEBUG c.b.marti.injector.UidCotTagInjector - deleting injector: InjectorConfig [uid=uid1, toInject=inject1]
18:00:53.450 [Test worker] DEBUG o.springframework.test.context.cache - Spring test ApplicationContext cache statistics: [DefaultContextCache@782143e8 size = 1, maxSize = 32, parentContextCount = 0, hitCount = 75, missCount = 1]
18:00:53.451 [Test worker] DEBUG o.springframework.test.context.cache - Spring test ApplicationContext cache statistics: [DefaultContextCache@782143e8 size = 1, maxSize = 32, parentContextCount = 0, hitCount = 76, missCount = 1]
18:00:53.452 [Test worker] DEBUG o.springframework.test.context.cache - Spring test ApplicationContext cache statistics: [DefaultContextCache@782143e8 size = 1, maxSize = 32, parentContextCount = 0, hitCount = 77, missCount = 1]
18:00:53.453 [Test worker] DEBUG o.springframework.test.context.cache - Spring test ApplicationContext cache statistics: [DefaultContextCache@782143e8 size = 1, maxSize = 32, parentContextCount = 0, hitCount = 78, missCount = 1]
18:00:53.453 [Test worker] DEBUG o.springframework.test.context.cache - Spring test ApplicationContext cache statistics: [DefaultContextCache@782143e8 size = 1, maxSize = 32, parentContextCount = 0, hitCount = 79, missCount = 1]
18:00:53.453 [Test worker] DEBUG o.springframework.test.context.cache - Spring test ApplicationContext cache statistics: [DefaultContextCache@782143e8 size = 1, maxSize = 32, parentContextCount = 0, hitCount = 80, missCount = 1]
18:00:53.453 [Test worker] DEBUG o.s.t.c.s.DirtiesContextTestExecutionListener - After test method: class [InjectorTests], method [testUIDSingleEntryDeletion], class annotated with @DirtiesContext [false] with mode [null], method annotated with @DirtiesContext [false] with mode [null]
18:00:53.454 [Test worker] DEBUG o.springframework.test.context.cache - Spring test ApplicationContext cache statistics: [DefaultContextCache@782143e8 size = 1, maxSize = 32, parentContextCount = 0, hitCount = 81, missCount = 1]
18:00:53.454 [Test worker] DEBUG o.s.t.c.s.DirtiesContextTestExecutionListener - After test class: class [InjectorTests], class annotated with @DirtiesContext [false] with mode [null]
]]></system-out>
  <system-err><![CDATA[]]></system-err>
</testsuite>
