<?xml version="1.0" encoding="UTF-8"?>
<testsuite name="tak.server.RepeaterMessageConversionTest" tests="2" skipped="0" failures="0" errors="0" timestamp="2025-04-16T01:41:38" hostname="lenss-10" time="0.065">
  <properties/>
  <testcase name="parseCotAlert" classname="tak.server.RepeaterMessageConversionTest" time="0.003"/>
  <testcase name="convertCotToJsonAndBack" classname="tak.server.RepeaterMessageConversionTest" time="0.062"/>
  <system-out><![CDATA[20:41:38.147 [Test worker] DEBUG t.s.RepeaterMessageConversionTest - alert911cot: <?xml version="1.0" encoding="UTF-8"?>
<event version="2.0" uid="16173334444-9-1-1" type="b-a-o-tbl" time="2018-12-17T22:47:15.109Z" start="2018-12-17T22:47:15.109Z" stale="2018-12-17T22:47:25.109Z" how="m-g"><point lat="42.389128" lon="-71.147716" hae="6.1" ce="6.0" le="9999999.0"/><detail><link uid="ANDROID-358982072593830" type="a-f-G-U-C" relation="p-p"/><contact callsign="BOB-Alert"/><emergency type="911 Alert">BOB</emergency><precisionlocation altsrc="???" geopointsrc="???"/></detail></event>
20:41:38.152 [Test worker] DEBUG c.b.marti.util.MessageConversionUtil - trying to convert CoT message <?xml version="1.0" encoding="UTF-8"?>
<event version="2.0" uid="16173334444-9-1-1" type="b-a-o-tbl" time="2018-12-17T22:47:15.109Z" start="2018-12-17T22:47:15.109Z" stale="2018-12-17T22:47:25.109Z" how="m-g"><point lat="42.389128" lon="-71.147716" hae="6.1" ce="6.0" le="9999999.0"/><detail><link uid="ANDROID-358982072593830" type="a-f-G-U-C" relation="p-p"/><contact callsign="BOB-Alert"/><emergency type="911 Alert">BOB</emergency><precisionlocation altsrc="???" geopointsrc="???"/></detail></event> to socket sa message
20:41:38.177 [Test worker] DEBUG t.s.RepeaterMessageConversionTest - alert911sa: SituationAwarenessMessage [messageType=SituationAwarenessMessage, uid=16173334444-9-1-1, type=b-a-o-tbl, lat=42.389128, lon=-71.147716, callsign=BOB-Alert, how=m-g, hae=6.1, ce=6.0, le=9999999.0, start=1545086835109, time=1545086835109, stale=1545086845109, group=null, role=null, iconsetPath=null, color=null, phoneNumber=null, takv=null, persistent=null, remarks=null, getMissions()=[], getUids()=[], getGroups()=[], getAddresses()=[]]
20:41:38.178 [Test worker] DEBUG t.s.RepeaterMessageConversionTest - detail json: {"precisionlocation":{"altsrc":"???","geopointsrc":"???"},"contact":{"callsign":"BOB-Alert"},"link":{"uid":"ANDROID-358982072593830","type":"a-f-G-U-C","relation":"p-p"},"emergency":{"type":"911 Alert","content":"BOB"}}
20:41:38.192 [Test worker] DEBUG t.s.RepeaterMessageConversionTest - alert911json: {"messageType":"SituationAwarenessMessage","missions":[],"uids":[],"groups":[],"addresses":[],"topics":[],"uid":"16173334444-9-1-1","type":"b-a-o-tbl","lat":42.389128,"lon":-71.147716,"callsign":"BOB-Alert","how":"m-g","hae":6.1,"ce":6.0,"le":9999999.0,"start":1545086835109,"time":1545086835109,"stale":1545086845109,"messageType":"SituationAwarenessMessage","detail":{"precisionlocation":{"altsrc":"???","geopointsrc":"???"},"contact":{"callsign":"BOB-Alert"},"link":{"uid":"ANDROID-358982072593830","type":"a-f-G-U-C","relation":"p-p"},"emergency":{"type":"911 Alert","content":"BOB"}}}
20:41:38.209 [Test worker] DEBUG t.s.RepeaterMessageConversionTest - alert911cotFromJson: <event version='2.0' uid='16173334444-9-1-1' type='b-a-o-tbl' time='2025-04-16T01:41:38Z' start='2025-04-16T01:41:38Z' stale='2025-04-17T01:41:38Z' how='m-g'><point lat='42.389128' lon='-71.147716' hae='6.1' ce='6.0' le='9999999.0' /><detail><contact callsign='BOB-Alert' /><precisionlocation altsrc='???' geopointsrc='???'/><contact callsign='BOB-Alert'/><link uid='ANDROID-358982072593830' type='a-f-G-U-C' relation='p-p'/><emergency type='911 Alert' content='BOB'/></detail></event>
]]></system-out>
  <system-err><![CDATA[]]></system-err>
</testsuite>
