<?xml version="1.0" encoding="UTF-8"?>
<testsuite name="tak.server.KMLMissionServletTests" tests="6" skipped="0" failures="0" errors="0" timestamp="2025-04-16T01:41:35" hostname="lenss-10" time="1.303">
  <properties/>
  <testcase name="buildMissionFeaturesTimeseriesLineString" classname="tak.server.KMLMissionServletTests" time="0.749"/>
  <testcase name="buildMissionFeaturesUnoptimizedTrack" classname="tak.server.KMLMissionServletTests" time="0.011"/>
  <testcase name="initStyles" classname="tak.server.KMLMissionServletTests" time="0.008"/>
  <testcase name="initKMLExtendedData" classname="tak.server.KMLMissionServletTests" time="0.008"/>
  <testcase name="buildMissionFeaturesOptimizedTrack" classname="tak.server.KMLMissionServletTests" time="0.007"/>
  <testcase name="parseResultsForCotElements" classname="tak.server.KMLMissionServletTests" time="0.517"/>
  <system-out><![CDATA[20:41:35.775 [Test worker] INFO  tak.server.KMLMissionServletTests - Finished initalizing services in KML Tests
20:41:35.985 [Test worker] INFO  tak.server.KMLMissionServletTests - Finished initalizing services in KML Tests
20:41:35.996 [Test worker] INFO  tak.server.KMLMissionServletTests - Finished initalizing services in KML Tests
20:41:36.005 [Test worker] INFO  tak.server.KMLMissionServletTests - Finished initalizing services in KML Tests
20:41:36.013 [Test worker] INFO  tak.server.KMLMissionServletTests - Finished initalizing services in KML Tests
20:41:36.021 [Test worker] INFO  tak.server.KMLMissionServletTests - Finished initalizing services in KML Tests
20:41:36.022 [Test worker] DEBUG com.bbn.marti.MissionKMLServlet - creating CoT worker 0
20:41:36.023 [Test worker] DEBUG com.bbn.marti.MissionKMLServlet - creating CoT worker 1
20:41:36.024 [Test worker] DEBUG com.bbn.marti.MissionKMLServlet - creating CoT worker 2
20:41:36.025 [Test worker] DEBUG com.bbn.marti.MissionKMLServlet - creating CoT worker 3
20:41:36.026 [Test worker] DEBUG com.bbn.marti.MissionKMLServlet - creating CoT worker 4
20:41:36.027 [Test worker] DEBUG com.bbn.marti.MissionKMLServlet - fetching and deserializing cot data
20:41:36.028 [Test worker] DEBUG com.bbn.marti.MissionKMLServlet - parsed cotelement: CotElement [uid=329ef6b4-a627-4265-8d39-ae1a704e2372, geom=10.0,32.0, cottype=u-rb-a, servertime=2019-03-10 04:28:30.9, prettytime=Unvalidated due to parse error, detailtext=<event><range value="4"/><bearing value="6"/><link relation="p-p" type="a-f-G-U-C" uid="ANDROID-358982072593830" point="10,0,0"/><link relation="p-p" type="a-f-G-U-C" uid="ANDROID-358982072593830" point="10,10,0"/><link relation="p-p" type="a-f-G-U-C" uid="ANDROID-358982072593830" point="0,10,0"/><link relation="p-p" type="a-f-G-U-C" uid="ANDROID-358982072593830" point="0,0,0"/></event>, hasImage=false, callsign=null, msl=10.0, le=9999999.0, lat=32.0, lon=10.0, urls=null, iconUrl=Unvalidated due to parse error, styleUrl=Unvalidated due to parse error, iconSetPath=Unvalidated due to parse error, iconArgbColor=null, iconSetUid=, iconGroup=, iconName=, hae=0.0 cotId: nullcourse=11.0, speed=10.0, ce=9999999.0]
20:41:36.029 [Test worker] DEBUG com.bbn.marti.MissionKMLServlet - parsed cotelement: CotElement [uid=ba53272a-549c-4113-94c6-cedf42157686, geom=10.0,32.0, cottype=u-d-r, servertime=2019-03-10 04:28:30.9, prettytime=Unvalidated due to parse error, detailtext=<event><link relation="p-p" type="a-f-G-U-C" uid="ANDROID-358982072593830" point="10,0,0"/><link relation="p-p" type="a-f-G-U-C" uid="ANDROID-358982072593830" point="10,10,0"/><link relation="p-p" type="a-f-G-U-C" uid="ANDROID-358982072593830" point="0,10,0"/><link relation="p-p" type="a-f-G-U-C" uid="ANDROID-358982072593830" point="0,0,0"/></event>, hasImage=false, callsign=null, msl=10.0, le=9999999.0, lat=32.0, lon=10.0, urls=null, iconUrl=Unvalidated due to parse error, styleUrl=Unvalidated due to parse error, iconSetPath=Unvalidated due to parse error, iconArgbColor=null, iconSetUid=, iconGroup=, iconName=, hae=0.0 cotId: nullcourse=11.0, speed=10.0, ce=9999999.0]
20:41:36.030 [Test worker] DEBUG com.bbn.marti.MissionKMLServlet - Still processing...
20:41:36.230 [Test worker] DEBUG com.bbn.marti.MissionKMLServlet - cot queue depth: 0
20:41:36.526 [pool-1-thread-3] DEBUG c.b.m.MissionKMLServlet$CotParserWorker - producer completion detected - consumer thread terminating
20:41:36.526 [pool-1-thread-4] DEBUG c.b.m.MissionKMLServlet$CotParserWorker - producer completion detected - consumer thread terminating
20:41:36.527 [pool-1-thread-5] DEBUG c.b.m.MissionKMLServlet$CotParserWorker - producer completion detected - consumer thread terminating
20:41:36.531 [pool-1-thread-1] DEBUG c.b.m.MissionKMLServlet$CotParserWorker - producer completion detected - consumer thread terminating
20:41:36.532 [pool-1-thread-2] DEBUG c.b.m.MissionKMLServlet$CotParserWorker - producer completion detected - consumer thread terminating
20:41:36.532 [Test worker] DEBUG com.bbn.marti.MissionKMLServlet - cot set size: 2
]]></system-out>
  <system-err><![CDATA[]]></system-err>
</testsuite>
