<?xml version="1.0" encoding="UTF-8"?>
<testsuite name="tak.server.DistributedMessageTests" tests="1" skipped="0" failures="0" errors="0" timestamp="2025-04-11T21:34:01" hostname="lenss-10" time="0.297">
  <properties/>
  <testcase name="serializeCotEventContainer" classname="tak.server.DistributedMessageTests" time="0.297"/>
  <system-out><![CDATA[16:34:01.412 [Test worker] DEBUG o.s.t.c.s.DefaultTestContextBootstrapper - Using ContextCustomizers for test class [DistributedMessageTests]: [DisableObservabilityContextCustomizer, PropertyMappingContextCustomizer, WebDriverContextCustomizer, ExcludeFilterContextCustomizer, DuplicateJsonObjectContextCustomizer, MockitoContextCustomizer]
16:34:01.413 [Test worker] DEBUG o.s.t.c.u.TestContextSpringFactoriesUtils - Skipping candidate TestExecutionListener [org.springframework.test.context.observation.MicrometerObservationRegistryTestExecutionListener] due to a missing dependency. Specify custom TestExecutionListener classes or make the default TestExecutionListener classes and their required dependencies available. Offending class: io.micrometer.context.ThreadLocalAccessor. MicrometerObservationRegistryTestExecutionListener requires io.micrometer:micrometer-observation:1.10.8 or higher and io.micrometer:context-propagation:1.0.3 or higher.
16:34:01.416 [Test worker] DEBUG o.s.t.c.s.DefaultTestContextBootstrapper - Using TestExecutionListeners for test class [DistributedMessageTests]: [ServletTestExecutionListener, DirtiesContextBeforeModesTestExecutionListener, ApplicationEventsTestExecutionListener, MockitoTestExecutionListener, DependencyInjectionTestExecutionListener, DirtiesContextTestExecutionListener, TransactionalTestExecutionListener, SqlScriptsTestExecutionListener, EventPublishingTestExecutionListener, RestDocsTestExecutionListener, MockRestServiceServerResetTestExecutionListener, MockMvcPrintOnlyOnFailureTestExecutionListener, WebDriverTestExecutionListener, MockWebServiceServerTestExecutionListener, ResetMocksTestExecutionListener]
16:34:01.418 [Test worker] DEBUG o.s.t.annotation.ProfileValueUtils - Retrieved @ProfileValueSourceConfiguration [null] for test class [tak.server.DistributedMessageTests]
16:34:01.418 [Test worker] DEBUG o.s.t.annotation.ProfileValueUtils - Retrieved ProfileValueSource type [class org.springframework.test.annotation.SystemProfileValueSource] for class [tak.server.DistributedMessageTests]
16:34:01.418 [Test worker] DEBUG o.s.t.annotation.ProfileValueUtils - Retrieved @ProfileValueSourceConfiguration [null] for test class [tak.server.DistributedMessageTests]
16:34:01.418 [Test worker] DEBUG o.s.t.annotation.ProfileValueUtils - Retrieved ProfileValueSource type [class org.springframework.test.annotation.SystemProfileValueSource] for class [tak.server.DistributedMessageTests]
16:34:01.419 [Test worker] DEBUG o.s.t.c.s.DirtiesContextBeforeModesTestExecutionListener - Before test class: class [DistributedMessageTests], class annotated with @DirtiesContext [false] with mode [null]
16:34:01.420 [Test worker] DEBUG o.springframework.test.context.cache - Spring test ApplicationContext cache statistics: [DefaultContextCache@233789d9 size = 1, maxSize = 32, parentContextCount = 0, hitCount = 23, missCount = 1]
16:34:01.420 [Test worker] DEBUG o.s.t.annotation.ProfileValueUtils - Retrieved @ProfileValueSourceConfiguration [null] for test class [tak.server.DistributedMessageTests]
16:34:01.420 [Test worker] DEBUG o.s.t.annotation.ProfileValueUtils - Retrieved ProfileValueSource type [class org.springframework.test.annotation.SystemProfileValueSource] for class [tak.server.DistributedMessageTests]
16:34:01.421 [Test worker] DEBUG o.s.t.c.s.DependencyInjectionTestExecutionListener - Performing dependency injection for test class tak.server.DistributedMessageTests
16:34:01.421 [Test worker] DEBUG o.springframework.test.context.cache - Spring test ApplicationContext cache statistics: [DefaultContextCache@233789d9 size = 1, maxSize = 32, parentContextCount = 0, hitCount = 24, missCount = 1]
16:34:01.422 [Test worker] DEBUG o.springframework.test.context.cache - Spring test ApplicationContext cache statistics: [DefaultContextCache@233789d9 size = 1, maxSize = 32, parentContextCount = 0, hitCount = 25, missCount = 1]
16:34:01.423 [Test worker] DEBUG o.s.t.c.s.DirtiesContextBeforeModesTestExecutionListener - Before test method: class [DistributedMessageTests], method [serializeCotEventContainer], class annotated with @DirtiesContext [false] with mode [null], method annotated with @DirtiesContext [false] with mode [null]
16:34:01.423 [Test worker] DEBUG o.springframework.test.context.cache - Spring test ApplicationContext cache statistics: [DefaultContextCache@233789d9 size = 1, maxSize = 32, parentContextCount = 0, hitCount = 26, missCount = 1]
16:34:01.424 [Test worker] DEBUG o.springframework.test.context.cache - Spring test ApplicationContext cache statistics: [DefaultContextCache@233789d9 size = 1, maxSize = 32, parentContextCount = 0, hitCount = 27, missCount = 1]
16:34:01.424 [Test worker] DEBUG o.springframework.test.context.cache - Spring test ApplicationContext cache statistics: [DefaultContextCache@233789d9 size = 1, maxSize = 32, parentContextCount = 0, hitCount = 28, missCount = 1]
16:34:01.719 [Test worker] DEBUG o.springframework.test.context.cache - Spring test ApplicationContext cache statistics: [DefaultContextCache@233789d9 size = 1, maxSize = 32, parentContextCount = 0, hitCount = 29, missCount = 1]
16:34:01.719 [Test worker] DEBUG o.springframework.test.context.cache - Spring test ApplicationContext cache statistics: [DefaultContextCache@233789d9 size = 1, maxSize = 32, parentContextCount = 0, hitCount = 30, missCount = 1]
16:34:01.719 [Test worker] DEBUG o.springframework.test.context.cache - Spring test ApplicationContext cache statistics: [DefaultContextCache@233789d9 size = 1, maxSize = 32, parentContextCount = 0, hitCount = 31, missCount = 1]
16:34:01.719 [Test worker] DEBUG o.springframework.test.context.cache - Spring test ApplicationContext cache statistics: [DefaultContextCache@233789d9 size = 1, maxSize = 32, parentContextCount = 0, hitCount = 32, missCount = 1]
16:34:01.720 [Test worker] DEBUG o.springframework.test.context.cache - Spring test ApplicationContext cache statistics: [DefaultContextCache@233789d9 size = 1, maxSize = 32, parentContextCount = 0, hitCount = 33, missCount = 1]
16:34:01.720 [Test worker] DEBUG o.springframework.test.context.cache - Spring test ApplicationContext cache statistics: [DefaultContextCache@233789d9 size = 1, maxSize = 32, parentContextCount = 0, hitCount = 34, missCount = 1]
16:34:01.720 [Test worker] DEBUG o.s.t.c.s.DirtiesContextTestExecutionListener - After test method: class [DistributedMessageTests], method [serializeCotEventContainer], class annotated with @DirtiesContext [false] with mode [null], method annotated with @DirtiesContext [false] with mode [null]
16:34:01.721 [Test worker] DEBUG o.springframework.test.context.cache - Spring test ApplicationContext cache statistics: [DefaultContextCache@233789d9 size = 1, maxSize = 32, parentContextCount = 0, hitCount = 35, missCount = 1]
16:34:01.721 [Test worker] DEBUG o.s.t.c.s.DirtiesContextTestExecutionListener - After test class: class [DistributedMessageTests], class annotated with @DirtiesContext [false] with mode [null]
]]></system-out>
  <system-err><![CDATA[]]></system-err>
</testsuite>
