<?xml version="1.0" encoding="UTF-8"?>
<testsuite name="tak.server.PropertiesApiTests" tests="13" skipped="0" failures="0" errors="0" timestamp="2025-04-16T01:41:38" hostname="lenss-10" time="0.052">
  <properties/>
  <testcase name="getValuesForBadUidShouldThrowException" classname="tak.server.PropertiesApiTests" time="0.003"/>
  <testcase name="putKvForUidShouldReturnKv" classname="tak.server.PropertiesApiTests" time="0.003"/>
  <testcase name="deleteKvForUidShouldNotThrowException" classname="tak.server.PropertiesApiTests" time="0.003"/>
  <testcase name="deleteKeyWithBadKeyPairShouldThrowError" classname="tak.server.PropertiesApiTests" time="0.002"/>
  <testcase name="putKvWithBadKvPairShouldThrowError" classname="tak.server.PropertiesApiTests" time="0.002"/>
  <testcase name="getValuesForUidAndKeyShouldReturnAllValues" classname="tak.server.PropertiesApiTests" time="0.001"/>
  <testcase name="deleteKeyWithBadUidShouldThrowError" classname="tak.server.PropertiesApiTests" time="0.002"/>
  <testcase name="getUidsShouldReturnAllUids" classname="tak.server.PropertiesApiTests" time="0.001"/>
  <testcase name="deleteAllKeysWithBadUidShouldThrowError" classname="tak.server.PropertiesApiTests" time="0.002"/>
  <testcase name="getPropertiesForUidShouldReturnAllProperties" classname="tak.server.PropertiesApiTests" time="0.002"/>
  <testcase name="getPropertiesForBadUidShouldThrowException" classname="tak.server.PropertiesApiTests" time="0.001"/>
  <testcase name="putKvWithBadUidShouldThrowError" classname="tak.server.PropertiesApiTests" time="0.004"/>
  <testcase name="deleteKeysForUidShouldNotThrowException" classname="tak.server.PropertiesApiTests" time="0.006"/>
  <system-out><![CDATA[20:41:38.027 [Test worker] DEBUG o.s.t.c.s.DefaultTestContextBootstrapper - Using ContextCustomizers for test class [PropertiesApiTests]: [DisableObservabilityContextCustomizer, PropertyMappingContextCustomizer, WebDriverContextCustomizer, ExcludeFilterContextCustomizer, DuplicateJsonObjectContextCustomizer, MockitoContextCustomizer]
20:41:38.028 [Test worker] DEBUG o.s.t.c.u.TestContextSpringFactoriesUtils - Skipping candidate TestExecutionListener [org.springframework.test.context.observation.MicrometerObservationRegistryTestExecutionListener] due to a missing dependency. Specify custom TestExecutionListener classes or make the default TestExecutionListener classes and their required dependencies available. Offending class: io.micrometer.context.ThreadLocalAccessor. MicrometerObservationRegistryTestExecutionListener requires io.micrometer:micrometer-observation:1.10.8 or higher and io.micrometer:context-propagation:1.0.3 or higher.
20:41:38.028 [Test worker] DEBUG o.s.t.c.s.DefaultTestContextBootstrapper - Using TestExecutionListeners for test class [PropertiesApiTests]: [ServletTestExecutionListener, DirtiesContextBeforeModesTestExecutionListener, ApplicationEventsTestExecutionListener, MockitoTestExecutionListener, DependencyInjectionTestExecutionListener, DirtiesContextTestExecutionListener, TransactionalTestExecutionListener, SqlScriptsTestExecutionListener, EventPublishingTestExecutionListener, RestDocsTestExecutionListener, MockRestServiceServerResetTestExecutionListener, MockMvcPrintOnlyOnFailureTestExecutionListener, WebDriverTestExecutionListener, MockWebServiceServerTestExecutionListener, ResetMocksTestExecutionListener]
20:41:38.028 [Test worker] DEBUG o.s.t.annotation.ProfileValueUtils - Retrieved @ProfileValueSourceConfiguration [null] for test class [tak.server.PropertiesApiTests]
20:41:38.029 [Test worker] DEBUG o.s.t.annotation.ProfileValueUtils - Retrieved ProfileValueSource type [class org.springframework.test.annotation.SystemProfileValueSource] for class [tak.server.PropertiesApiTests]
20:41:38.029 [Test worker] DEBUG o.s.t.annotation.ProfileValueUtils - Retrieved @ProfileValueSourceConfiguration [null] for test class [tak.server.PropertiesApiTests]
20:41:38.029 [Test worker] DEBUG o.s.t.annotation.ProfileValueUtils - Retrieved ProfileValueSource type [class org.springframework.test.annotation.SystemProfileValueSource] for class [tak.server.PropertiesApiTests]
20:41:38.029 [Test worker] DEBUG o.s.t.c.s.DirtiesContextBeforeModesTestExecutionListener - Before test class: class [PropertiesApiTests], class annotated with @DirtiesContext [false] with mode [null]
20:41:38.029 [Test worker] DEBUG o.springframework.test.context.cache - Spring test ApplicationContext cache statistics: [DefaultContextCache@2e7e4480 size = 1, maxSize = 32, parentContextCount = 0, hitCount = 233, missCount = 1]
20:41:38.029 [Test worker] DEBUG o.s.t.annotation.ProfileValueUtils - Retrieved @ProfileValueSourceConfiguration [null] for test class [tak.server.PropertiesApiTests]
20:41:38.029 [Test worker] DEBUG o.s.t.annotation.ProfileValueUtils - Retrieved ProfileValueSource type [class org.springframework.test.annotation.SystemProfileValueSource] for class [tak.server.PropertiesApiTests]
20:41:38.030 [Test worker] DEBUG o.s.t.c.s.DependencyInjectionTestExecutionListener - Performing dependency injection for test class tak.server.PropertiesApiTests
20:41:38.030 [Test worker] DEBUG o.springframework.test.context.cache - Spring test ApplicationContext cache statistics: [DefaultContextCache@2e7e4480 size = 1, maxSize = 32, parentContextCount = 0, hitCount = 234, missCount = 1]
20:41:38.032 [Test worker] DEBUG o.springframework.test.context.cache - Spring test ApplicationContext cache statistics: [DefaultContextCache@2e7e4480 size = 1, maxSize = 32, parentContextCount = 0, hitCount = 235, missCount = 1]
20:41:38.032 [Test worker] DEBUG o.s.t.c.s.DirtiesContextBeforeModesTestExecutionListener - Before test method: class [PropertiesApiTests], method [getValuesForBadUidShouldThrowException], class annotated with @DirtiesContext [false] with mode [null], method annotated with @DirtiesContext [false] with mode [null]
20:41:38.032 [Test worker] DEBUG o.springframework.test.context.cache - Spring test ApplicationContext cache statistics: [DefaultContextCache@2e7e4480 size = 1, maxSize = 32, parentContextCount = 0, hitCount = 236, missCount = 1]
20:41:38.032 [Test worker] DEBUG o.springframework.test.context.cache - Spring test ApplicationContext cache statistics: [DefaultContextCache@2e7e4480 size = 1, maxSize = 32, parentContextCount = 0, hitCount = 237, missCount = 1]
20:41:38.033 [Test worker] DEBUG o.springframework.test.context.cache - Spring test ApplicationContext cache statistics: [DefaultContextCache@2e7e4480 size = 1, maxSize = 32, parentContextCount = 0, hitCount = 238, missCount = 1]
20:41:38.033 [Test worker] DEBUG o.springframework.test.context.cache - Spring test ApplicationContext cache statistics: [DefaultContextCache@2e7e4480 size = 1, maxSize = 32, parentContextCount = 0, hitCount = 239, missCount = 1]
20:41:38.033 [Test worker] DEBUG o.springframework.test.context.cache - Spring test ApplicationContext cache statistics: [DefaultContextCache@2e7e4480 size = 1, maxSize = 32, parentContextCount = 0, hitCount = 240, missCount = 1]
20:41:38.034 [Test worker] DEBUG o.springframework.test.context.cache - Spring test ApplicationContext cache statistics: [DefaultContextCache@2e7e4480 size = 1, maxSize = 32, parentContextCount = 0, hitCount = 241, missCount = 1]
20:41:38.034 [Test worker] DEBUG o.springframework.test.context.cache - Spring test ApplicationContext cache statistics: [DefaultContextCache@2e7e4480 size = 1, maxSize = 32, parentContextCount = 0, hitCount = 242, missCount = 1]
20:41:38.034 [Test worker] DEBUG o.springframework.test.context.cache - Spring test ApplicationContext cache statistics: [DefaultContextCache@2e7e4480 size = 1, maxSize = 32, parentContextCount = 0, hitCount = 243, missCount = 1]
20:41:38.034 [Test worker] DEBUG o.springframework.test.context.cache - Spring test ApplicationContext cache statistics: [DefaultContextCache@2e7e4480 size = 1, maxSize = 32, parentContextCount = 0, hitCount = 244, missCount = 1]
20:41:38.034 [Test worker] DEBUG o.s.t.c.s.DirtiesContextTestExecutionListener - After test method: class [PropertiesApiTests], method [getValuesForBadUidShouldThrowException], class annotated with @DirtiesContext [false] with mode [null], method annotated with @DirtiesContext [false] with mode [null]
20:41:38.034 [Test worker] DEBUG o.s.t.annotation.ProfileValueUtils - Retrieved @ProfileValueSourceConfiguration [null] for test class [tak.server.PropertiesApiTests]
20:41:38.034 [Test worker] DEBUG o.s.t.annotation.ProfileValueUtils - Retrieved ProfileValueSource type [class org.springframework.test.annotation.SystemProfileValueSource] for class [tak.server.PropertiesApiTests]
20:41:38.035 [Test worker] DEBUG o.s.t.c.s.DependencyInjectionTestExecutionListener - Performing dependency injection for test class tak.server.PropertiesApiTests
20:41:38.035 [Test worker] DEBUG o.springframework.test.context.cache - Spring test ApplicationContext cache statistics: [DefaultContextCache@2e7e4480 size = 1, maxSize = 32, parentContextCount = 0, hitCount = 245, missCount = 1]
20:41:38.035 [Test worker] DEBUG o.springframework.test.context.cache - Spring test ApplicationContext cache statistics: [DefaultContextCache@2e7e4480 size = 1, maxSize = 32, parentContextCount = 0, hitCount = 246, missCount = 1]
20:41:38.035 [Test worker] DEBUG o.s.t.c.s.DirtiesContextBeforeModesTestExecutionListener - Before test method: class [PropertiesApiTests], method [putKvForUidShouldReturnKv], class annotated with @DirtiesContext [false] with mode [null], method annotated with @DirtiesContext [false] with mode [null]
20:41:38.036 [Test worker] DEBUG o.springframework.test.context.cache - Spring test ApplicationContext cache statistics: [DefaultContextCache@2e7e4480 size = 1, maxSize = 32, parentContextCount = 0, hitCount = 247, missCount = 1]
20:41:38.036 [Test worker] DEBUG o.springframework.test.context.cache - Spring test ApplicationContext cache statistics: [DefaultContextCache@2e7e4480 size = 1, maxSize = 32, parentContextCount = 0, hitCount = 248, missCount = 1]
20:41:38.036 [Test worker] DEBUG o.springframework.test.context.cache - Spring test ApplicationContext cache statistics: [DefaultContextCache@2e7e4480 size = 1, maxSize = 32, parentContextCount = 0, hitCount = 249, missCount = 1]
20:41:38.036 [Test worker] DEBUG o.springframework.test.context.cache - Spring test ApplicationContext cache statistics: [DefaultContextCache@2e7e4480 size = 1, maxSize = 32, parentContextCount = 0, hitCount = 250, missCount = 1]
20:41:38.036 [Test worker] DEBUG o.springframework.test.context.cache - Spring test ApplicationContext cache statistics: [DefaultContextCache@2e7e4480 size = 1, maxSize = 32, parentContextCount = 0, hitCount = 251, missCount = 1]
20:41:38.037 [Test worker] DEBUG o.springframework.test.context.cache - Spring test ApplicationContext cache statistics: [DefaultContextCache@2e7e4480 size = 1, maxSize = 32, parentContextCount = 0, hitCount = 252, missCount = 1]
20:41:38.037 [Test worker] DEBUG o.springframework.test.context.cache - Spring test ApplicationContext cache statistics: [DefaultContextCache@2e7e4480 size = 1, maxSize = 32, parentContextCount = 0, hitCount = 253, missCount = 1]
20:41:38.037 [Test worker] DEBUG o.springframework.test.context.cache - Spring test ApplicationContext cache statistics: [DefaultContextCache@2e7e4480 size = 1, maxSize = 32, parentContextCount = 0, hitCount = 254, missCount = 1]
20:41:38.039 [Test worker] DEBUG o.springframework.test.context.cache - Spring test ApplicationContext cache statistics: [DefaultContextCache@2e7e4480 size = 1, maxSize = 32, parentContextCount = 0, hitCount = 255, missCount = 1]
20:41:38.039 [Test worker] DEBUG o.s.t.c.s.DirtiesContextTestExecutionListener - After test method: class [PropertiesApiTests], method [putKvForUidShouldReturnKv], class annotated with @DirtiesContext [false] with mode [null], method annotated with @DirtiesContext [false] with mode [null]
20:41:38.039 [Test worker] DEBUG o.s.t.annotation.ProfileValueUtils - Retrieved @ProfileValueSourceConfiguration [null] for test class [tak.server.PropertiesApiTests]
20:41:38.039 [Test worker] DEBUG o.s.t.annotation.ProfileValueUtils - Retrieved ProfileValueSource type [class org.springframework.test.annotation.SystemProfileValueSource] for class [tak.server.PropertiesApiTests]
20:41:38.040 [Test worker] DEBUG o.s.t.c.s.DependencyInjectionTestExecutionListener - Performing dependency injection for test class tak.server.PropertiesApiTests
20:41:38.040 [Test worker] DEBUG o.springframework.test.context.cache - Spring test ApplicationContext cache statistics: [DefaultContextCache@2e7e4480 size = 1, maxSize = 32, parentContextCount = 0, hitCount = 256, missCount = 1]
20:41:38.040 [Test worker] DEBUG o.springframework.test.context.cache - Spring test ApplicationContext cache statistics: [DefaultContextCache@2e7e4480 size = 1, maxSize = 32, parentContextCount = 0, hitCount = 257, missCount = 1]
20:41:38.040 [Test worker] DEBUG o.s.t.c.s.DirtiesContextBeforeModesTestExecutionListener - Before test method: class [PropertiesApiTests], method [deleteKvForUidShouldNotThrowException], class annotated with @DirtiesContext [false] with mode [null], method annotated with @DirtiesContext [false] with mode [null]
20:41:38.040 [Test worker] DEBUG o.springframework.test.context.cache - Spring test ApplicationContext cache statistics: [DefaultContextCache@2e7e4480 size = 1, maxSize = 32, parentContextCount = 0, hitCount = 258, missCount = 1]
20:41:38.040 [Test worker] DEBUG o.springframework.test.context.cache - Spring test ApplicationContext cache statistics: [DefaultContextCache@2e7e4480 size = 1, maxSize = 32, parentContextCount = 0, hitCount = 259, missCount = 1]
20:41:38.041 [Test worker] DEBUG o.springframework.test.context.cache - Spring test ApplicationContext cache statistics: [DefaultContextCache@2e7e4480 size = 1, maxSize = 32, parentContextCount = 0, hitCount = 260, missCount = 1]
20:41:38.041 [Test worker] DEBUG o.springframework.test.context.cache - Spring test ApplicationContext cache statistics: [DefaultContextCache@2e7e4480 size = 1, maxSize = 32, parentContextCount = 0, hitCount = 261, missCount = 1]
20:41:38.041 [Test worker] DEBUG o.springframework.test.context.cache - Spring test ApplicationContext cache statistics: [DefaultContextCache@2e7e4480 size = 1, maxSize = 32, parentContextCount = 0, hitCount = 262, missCount = 1]
20:41:38.041 [Test worker] DEBUG o.springframework.test.context.cache - Spring test ApplicationContext cache statistics: [DefaultContextCache@2e7e4480 size = 1, maxSize = 32, parentContextCount = 0, hitCount = 263, missCount = 1]
20:41:38.041 [Test worker] DEBUG o.springframework.test.context.cache - Spring test ApplicationContext cache statistics: [DefaultContextCache@2e7e4480 size = 1, maxSize = 32, parentContextCount = 0, hitCount = 264, missCount = 1]
20:41:38.041 [Test worker] DEBUG o.springframework.test.context.cache - Spring test ApplicationContext cache statistics: [DefaultContextCache@2e7e4480 size = 1, maxSize = 32, parentContextCount = 0, hitCount = 265, missCount = 1]
20:41:38.042 [Test worker] DEBUG o.springframework.test.context.cache - Spring test ApplicationContext cache statistics: [DefaultContextCache@2e7e4480 size = 1, maxSize = 32, parentContextCount = 0, hitCount = 266, missCount = 1]
20:41:38.043 [Test worker] DEBUG o.s.t.c.s.DirtiesContextTestExecutionListener - After test method: class [PropertiesApiTests], method [deleteKvForUidShouldNotThrowException], class annotated with @DirtiesContext [false] with mode [null], method annotated with @DirtiesContext [false] with mode [null]
20:41:38.043 [Test worker] DEBUG o.s.t.annotation.ProfileValueUtils - Retrieved @ProfileValueSourceConfiguration [null] for test class [tak.server.PropertiesApiTests]
20:41:38.043 [Test worker] DEBUG o.s.t.annotation.ProfileValueUtils - Retrieved ProfileValueSource type [class org.springframework.test.annotation.SystemProfileValueSource] for class [tak.server.PropertiesApiTests]
20:41:38.043 [Test worker] DEBUG o.s.t.c.s.DependencyInjectionTestExecutionListener - Performing dependency injection for test class tak.server.PropertiesApiTests
20:41:38.044 [Test worker] DEBUG o.springframework.test.context.cache - Spring test ApplicationContext cache statistics: [DefaultContextCache@2e7e4480 size = 1, maxSize = 32, parentContextCount = 0, hitCount = 267, missCount = 1]
20:41:38.044 [Test worker] DEBUG o.springframework.test.context.cache - Spring test ApplicationContext cache statistics: [DefaultContextCache@2e7e4480 size = 1, maxSize = 32, parentContextCount = 0, hitCount = 268, missCount = 1]
20:41:38.044 [Test worker] DEBUG o.s.t.c.s.DirtiesContextBeforeModesTestExecutionListener - Before test method: class [PropertiesApiTests], method [deleteKeyWithBadKeyPairShouldThrowError], class annotated with @DirtiesContext [false] with mode [null], method annotated with @DirtiesContext [false] with mode [null]
20:41:38.045 [Test worker] DEBUG o.springframework.test.context.cache - Spring test ApplicationContext cache statistics: [DefaultContextCache@2e7e4480 size = 1, maxSize = 32, parentContextCount = 0, hitCount = 269, missCount = 1]
20:41:38.045 [Test worker] DEBUG o.springframework.test.context.cache - Spring test ApplicationContext cache statistics: [DefaultContextCache@2e7e4480 size = 1, maxSize = 32, parentContextCount = 0, hitCount = 270, missCount = 1]
20:41:38.045 [Test worker] DEBUG o.springframework.test.context.cache - Spring test ApplicationContext cache statistics: [DefaultContextCache@2e7e4480 size = 1, maxSize = 32, parentContextCount = 0, hitCount = 271, missCount = 1]
20:41:38.045 [Test worker] DEBUG o.springframework.test.context.cache - Spring test ApplicationContext cache statistics: [DefaultContextCache@2e7e4480 size = 1, maxSize = 32, parentContextCount = 0, hitCount = 272, missCount = 1]
20:41:38.045 [Test worker] DEBUG o.springframework.test.context.cache - Spring test ApplicationContext cache statistics: [DefaultContextCache@2e7e4480 size = 1, maxSize = 32, parentContextCount = 0, hitCount = 273, missCount = 1]
20:41:38.045 [Test worker] DEBUG o.springframework.test.context.cache - Spring test ApplicationContext cache statistics: [DefaultContextCache@2e7e4480 size = 1, maxSize = 32, parentContextCount = 0, hitCount = 274, missCount = 1]
20:41:38.045 [Test worker] DEBUG o.springframework.test.context.cache - Spring test ApplicationContext cache statistics: [DefaultContextCache@2e7e4480 size = 1, maxSize = 32, parentContextCount = 0, hitCount = 275, missCount = 1]
20:41:38.046 [Test worker] DEBUG o.springframework.test.context.cache - Spring test ApplicationContext cache statistics: [DefaultContextCache@2e7e4480 size = 1, maxSize = 32, parentContextCount = 0, hitCount = 276, missCount = 1]
20:41:38.046 [Test worker] DEBUG o.springframework.test.context.cache - Spring test ApplicationContext cache statistics: [DefaultContextCache@2e7e4480 size = 1, maxSize = 32, parentContextCount = 0, hitCount = 277, missCount = 1]
20:41:38.046 [Test worker] DEBUG o.s.t.c.s.DirtiesContextTestExecutionListener - After test method: class [PropertiesApiTests], method [deleteKeyWithBadKeyPairShouldThrowError], class annotated with @DirtiesContext [false] with mode [null], method annotated with @DirtiesContext [false] with mode [null]
20:41:38.046 [Test worker] DEBUG o.s.t.annotation.ProfileValueUtils - Retrieved @ProfileValueSourceConfiguration [null] for test class [tak.server.PropertiesApiTests]
20:41:38.046 [Test worker] DEBUG o.s.t.annotation.ProfileValueUtils - Retrieved ProfileValueSource type [class org.springframework.test.annotation.SystemProfileValueSource] for class [tak.server.PropertiesApiTests]
20:41:38.046 [Test worker] DEBUG o.s.t.c.s.DependencyInjectionTestExecutionListener - Performing dependency injection for test class tak.server.PropertiesApiTests
20:41:38.046 [Test worker] DEBUG o.springframework.test.context.cache - Spring test ApplicationContext cache statistics: [DefaultContextCache@2e7e4480 size = 1, maxSize = 32, parentContextCount = 0, hitCount = 278, missCount = 1]
20:41:38.047 [Test worker] DEBUG o.springframework.test.context.cache - Spring test ApplicationContext cache statistics: [DefaultContextCache@2e7e4480 size = 1, maxSize = 32, parentContextCount = 0, hitCount = 279, missCount = 1]
20:41:38.047 [Test worker] DEBUG o.s.t.c.s.DirtiesContextBeforeModesTestExecutionListener - Before test method: class [PropertiesApiTests], method [putKvWithBadKvPairShouldThrowError], class annotated with @DirtiesContext [false] with mode [null], method annotated with @DirtiesContext [false] with mode [null]
20:41:38.047 [Test worker] DEBUG o.springframework.test.context.cache - Spring test ApplicationContext cache statistics: [DefaultContextCache@2e7e4480 size = 1, maxSize = 32, parentContextCount = 0, hitCount = 280, missCount = 1]
20:41:38.047 [Test worker] DEBUG o.springframework.test.context.cache - Spring test ApplicationContext cache statistics: [DefaultContextCache@2e7e4480 size = 1, maxSize = 32, parentContextCount = 0, hitCount = 281, missCount = 1]
20:41:38.047 [Test worker] DEBUG o.springframework.test.context.cache - Spring test ApplicationContext cache statistics: [DefaultContextCache@2e7e4480 size = 1, maxSize = 32, parentContextCount = 0, hitCount = 282, missCount = 1]
20:41:38.048 [Test worker] DEBUG o.springframework.test.context.cache - Spring test ApplicationContext cache statistics: [DefaultContextCache@2e7e4480 size = 1, maxSize = 32, parentContextCount = 0, hitCount = 283, missCount = 1]
20:41:38.048 [Test worker] DEBUG o.springframework.test.context.cache - Spring test ApplicationContext cache statistics: [DefaultContextCache@2e7e4480 size = 1, maxSize = 32, parentContextCount = 0, hitCount = 284, missCount = 1]
20:41:38.048 [Test worker] DEBUG o.springframework.test.context.cache - Spring test ApplicationContext cache statistics: [DefaultContextCache@2e7e4480 size = 1, maxSize = 32, parentContextCount = 0, hitCount = 285, missCount = 1]
20:41:38.048 [Test worker] DEBUG o.springframework.test.context.cache - Spring test ApplicationContext cache statistics: [DefaultContextCache@2e7e4480 size = 1, maxSize = 32, parentContextCount = 0, hitCount = 286, missCount = 1]
20:41:38.048 [Test worker] DEBUG o.springframework.test.context.cache - Spring test ApplicationContext cache statistics: [DefaultContextCache@2e7e4480 size = 1, maxSize = 32, parentContextCount = 0, hitCount = 287, missCount = 1]
20:41:38.048 [Test worker] DEBUG o.springframework.test.context.cache - Spring test ApplicationContext cache statistics: [DefaultContextCache@2e7e4480 size = 1, maxSize = 32, parentContextCount = 0, hitCount = 288, missCount = 1]
20:41:38.048 [Test worker] DEBUG o.s.t.c.s.DirtiesContextTestExecutionListener - After test method: class [PropertiesApiTests], method [putKvWithBadKvPairShouldThrowError], class annotated with @DirtiesContext [false] with mode [null], method annotated with @DirtiesContext [false] with mode [null]
20:41:38.049 [Test worker] DEBUG o.s.t.annotation.ProfileValueUtils - Retrieved @ProfileValueSourceConfiguration [null] for test class [tak.server.PropertiesApiTests]
20:41:38.049 [Test worker] DEBUG o.s.t.annotation.ProfileValueUtils - Retrieved ProfileValueSource type [class org.springframework.test.annotation.SystemProfileValueSource] for class [tak.server.PropertiesApiTests]
20:41:38.049 [Test worker] DEBUG o.s.t.c.s.DependencyInjectionTestExecutionListener - Performing dependency injection for test class tak.server.PropertiesApiTests
20:41:38.049 [Test worker] DEBUG o.springframework.test.context.cache - Spring test ApplicationContext cache statistics: [DefaultContextCache@2e7e4480 size = 1, maxSize = 32, parentContextCount = 0, hitCount = 289, missCount = 1]
20:41:38.051 [Test worker] DEBUG o.springframework.test.context.cache - Spring test ApplicationContext cache statistics: [DefaultContextCache@2e7e4480 size = 1, maxSize = 32, parentContextCount = 0, hitCount = 290, missCount = 1]
20:41:38.053 [Test worker] DEBUG o.s.t.c.s.DirtiesContextBeforeModesTestExecutionListener - Before test method: class [PropertiesApiTests], method [getValuesForUidAndKeyShouldReturnAllValues], class annotated with @DirtiesContext [false] with mode [null], method annotated with @DirtiesContext [false] with mode [null]
20:41:38.053 [Test worker] DEBUG o.springframework.test.context.cache - Spring test ApplicationContext cache statistics: [DefaultContextCache@2e7e4480 size = 1, maxSize = 32, parentContextCount = 0, hitCount = 291, missCount = 1]
20:41:38.053 [Test worker] DEBUG o.springframework.test.context.cache - Spring test ApplicationContext cache statistics: [DefaultContextCache@2e7e4480 size = 1, maxSize = 32, parentContextCount = 0, hitCount = 292, missCount = 1]
20:41:38.053 [Test worker] DEBUG o.springframework.test.context.cache - Spring test ApplicationContext cache statistics: [DefaultContextCache@2e7e4480 size = 1, maxSize = 32, parentContextCount = 0, hitCount = 293, missCount = 1]
20:41:38.053 [Test worker] DEBUG o.springframework.test.context.cache - Spring test ApplicationContext cache statistics: [DefaultContextCache@2e7e4480 size = 1, maxSize = 32, parentContextCount = 0, hitCount = 294, missCount = 1]
20:41:38.053 [Test worker] DEBUG o.springframework.test.context.cache - Spring test ApplicationContext cache statistics: [DefaultContextCache@2e7e4480 size = 1, maxSize = 32, parentContextCount = 0, hitCount = 295, missCount = 1]
20:41:38.053 [Test worker] DEBUG o.springframework.test.context.cache - Spring test ApplicationContext cache statistics: [DefaultContextCache@2e7e4480 size = 1, maxSize = 32, parentContextCount = 0, hitCount = 296, missCount = 1]
20:41:38.054 [Test worker] DEBUG o.springframework.test.context.cache - Spring test ApplicationContext cache statistics: [DefaultContextCache@2e7e4480 size = 1, maxSize = 32, parentContextCount = 0, hitCount = 297, missCount = 1]
20:41:38.054 [Test worker] DEBUG o.springframework.test.context.cache - Spring test ApplicationContext cache statistics: [DefaultContextCache@2e7e4480 size = 1, maxSize = 32, parentContextCount = 0, hitCount = 298, missCount = 1]
20:41:38.054 [Test worker] DEBUG o.springframework.test.context.cache - Spring test ApplicationContext cache statistics: [DefaultContextCache@2e7e4480 size = 1, maxSize = 32, parentContextCount = 0, hitCount = 299, missCount = 1]
20:41:38.054 [Test worker] DEBUG o.s.t.c.s.DirtiesContextTestExecutionListener - After test method: class [PropertiesApiTests], method [getValuesForUidAndKeyShouldReturnAllValues], class annotated with @DirtiesContext [false] with mode [null], method annotated with @DirtiesContext [false] with mode [null]
20:41:38.054 [Test worker] DEBUG o.s.t.annotation.ProfileValueUtils - Retrieved @ProfileValueSourceConfiguration [null] for test class [tak.server.PropertiesApiTests]
20:41:38.054 [Test worker] DEBUG o.s.t.annotation.ProfileValueUtils - Retrieved ProfileValueSource type [class org.springframework.test.annotation.SystemProfileValueSource] for class [tak.server.PropertiesApiTests]
20:41:38.056 [Test worker] DEBUG o.s.t.c.s.DependencyInjectionTestExecutionListener - Performing dependency injection for test class tak.server.PropertiesApiTests
20:41:38.056 [Test worker] DEBUG o.springframework.test.context.cache - Spring test ApplicationContext cache statistics: [DefaultContextCache@2e7e4480 size = 1, maxSize = 32, parentContextCount = 0, hitCount = 300, missCount = 1]
20:41:38.056 [Test worker] DEBUG o.springframework.test.context.cache - Spring test ApplicationContext cache statistics: [DefaultContextCache@2e7e4480 size = 1, maxSize = 32, parentContextCount = 0, hitCount = 301, missCount = 1]
20:41:38.056 [Test worker] DEBUG o.s.t.c.s.DirtiesContextBeforeModesTestExecutionListener - Before test method: class [PropertiesApiTests], method [deleteKeyWithBadUidShouldThrowError], class annotated with @DirtiesContext [false] with mode [null], method annotated with @DirtiesContext [false] with mode [null]
20:41:38.057 [Test worker] DEBUG o.springframework.test.context.cache - Spring test ApplicationContext cache statistics: [DefaultContextCache@2e7e4480 size = 1, maxSize = 32, parentContextCount = 0, hitCount = 302, missCount = 1]
20:41:38.057 [Test worker] DEBUG o.springframework.test.context.cache - Spring test ApplicationContext cache statistics: [DefaultContextCache@2e7e4480 size = 1, maxSize = 32, parentContextCount = 0, hitCount = 303, missCount = 1]
20:41:38.057 [Test worker] DEBUG o.springframework.test.context.cache - Spring test ApplicationContext cache statistics: [DefaultContextCache@2e7e4480 size = 1, maxSize = 32, parentContextCount = 0, hitCount = 304, missCount = 1]
20:41:38.057 [Test worker] DEBUG o.springframework.test.context.cache - Spring test ApplicationContext cache statistics: [DefaultContextCache@2e7e4480 size = 1, maxSize = 32, parentContextCount = 0, hitCount = 305, missCount = 1]
20:41:38.057 [Test worker] DEBUG o.springframework.test.context.cache - Spring test ApplicationContext cache statistics: [DefaultContextCache@2e7e4480 size = 1, maxSize = 32, parentContextCount = 0, hitCount = 306, missCount = 1]
20:41:38.057 [Test worker] DEBUG o.springframework.test.context.cache - Spring test ApplicationContext cache statistics: [DefaultContextCache@2e7e4480 size = 1, maxSize = 32, parentContextCount = 0, hitCount = 307, missCount = 1]
20:41:38.057 [Test worker] DEBUG o.springframework.test.context.cache - Spring test ApplicationContext cache statistics: [DefaultContextCache@2e7e4480 size = 1, maxSize = 32, parentContextCount = 0, hitCount = 308, missCount = 1]
20:41:38.057 [Test worker] DEBUG o.springframework.test.context.cache - Spring test ApplicationContext cache statistics: [DefaultContextCache@2e7e4480 size = 1, maxSize = 32, parentContextCount = 0, hitCount = 309, missCount = 1]
20:41:38.058 [Test worker] DEBUG o.springframework.test.context.cache - Spring test ApplicationContext cache statistics: [DefaultContextCache@2e7e4480 size = 1, maxSize = 32, parentContextCount = 0, hitCount = 310, missCount = 1]
20:41:38.058 [Test worker] DEBUG o.s.t.c.s.DirtiesContextTestExecutionListener - After test method: class [PropertiesApiTests], method [deleteKeyWithBadUidShouldThrowError], class annotated with @DirtiesContext [false] with mode [null], method annotated with @DirtiesContext [false] with mode [null]
20:41:38.058 [Test worker] DEBUG o.s.t.annotation.ProfileValueUtils - Retrieved @ProfileValueSourceConfiguration [null] for test class [tak.server.PropertiesApiTests]
20:41:38.058 [Test worker] DEBUG o.s.t.annotation.ProfileValueUtils - Retrieved ProfileValueSource type [class org.springframework.test.annotation.SystemProfileValueSource] for class [tak.server.PropertiesApiTests]
20:41:38.058 [Test worker] DEBUG o.s.t.c.s.DependencyInjectionTestExecutionListener - Performing dependency injection for test class tak.server.PropertiesApiTests
20:41:38.058 [Test worker] DEBUG o.springframework.test.context.cache - Spring test ApplicationContext cache statistics: [DefaultContextCache@2e7e4480 size = 1, maxSize = 32, parentContextCount = 0, hitCount = 311, missCount = 1]
20:41:38.058 [Test worker] DEBUG o.springframework.test.context.cache - Spring test ApplicationContext cache statistics: [DefaultContextCache@2e7e4480 size = 1, maxSize = 32, parentContextCount = 0, hitCount = 312, missCount = 1]
20:41:38.059 [Test worker] DEBUG o.s.t.c.s.DirtiesContextBeforeModesTestExecutionListener - Before test method: class [PropertiesApiTests], method [getUidsShouldReturnAllUids], class annotated with @DirtiesContext [false] with mode [null], method annotated with @DirtiesContext [false] with mode [null]
20:41:38.059 [Test worker] DEBUG o.springframework.test.context.cache - Spring test ApplicationContext cache statistics: [DefaultContextCache@2e7e4480 size = 1, maxSize = 32, parentContextCount = 0, hitCount = 313, missCount = 1]
20:41:38.059 [Test worker] DEBUG o.springframework.test.context.cache - Spring test ApplicationContext cache statistics: [DefaultContextCache@2e7e4480 size = 1, maxSize = 32, parentContextCount = 0, hitCount = 314, missCount = 1]
20:41:38.059 [Test worker] DEBUG o.springframework.test.context.cache - Spring test ApplicationContext cache statistics: [DefaultContextCache@2e7e4480 size = 1, maxSize = 32, parentContextCount = 0, hitCount = 315, missCount = 1]
20:41:38.059 [Test worker] DEBUG o.springframework.test.context.cache - Spring test ApplicationContext cache statistics: [DefaultContextCache@2e7e4480 size = 1, maxSize = 32, parentContextCount = 0, hitCount = 316, missCount = 1]
20:41:38.059 [Test worker] DEBUG o.springframework.test.context.cache - Spring test ApplicationContext cache statistics: [DefaultContextCache@2e7e4480 size = 1, maxSize = 32, parentContextCount = 0, hitCount = 317, missCount = 1]
20:41:38.060 [Test worker] DEBUG o.springframework.test.context.cache - Spring test ApplicationContext cache statistics: [DefaultContextCache@2e7e4480 size = 1, maxSize = 32, parentContextCount = 0, hitCount = 318, missCount = 1]
20:41:38.060 [Test worker] DEBUG o.springframework.test.context.cache - Spring test ApplicationContext cache statistics: [DefaultContextCache@2e7e4480 size = 1, maxSize = 32, parentContextCount = 0, hitCount = 319, missCount = 1]
20:41:38.060 [Test worker] DEBUG o.springframework.test.context.cache - Spring test ApplicationContext cache statistics: [DefaultContextCache@2e7e4480 size = 1, maxSize = 32, parentContextCount = 0, hitCount = 320, missCount = 1]
20:41:38.060 [Test worker] DEBUG o.springframework.test.context.cache - Spring test ApplicationContext cache statistics: [DefaultContextCache@2e7e4480 size = 1, maxSize = 32, parentContextCount = 0, hitCount = 321, missCount = 1]
20:41:38.060 [Test worker] DEBUG o.s.t.c.s.DirtiesContextTestExecutionListener - After test method: class [PropertiesApiTests], method [getUidsShouldReturnAllUids], class annotated with @DirtiesContext [false] with mode [null], method annotated with @DirtiesContext [false] with mode [null]
20:41:38.060 [Test worker] DEBUG o.s.t.annotation.ProfileValueUtils - Retrieved @ProfileValueSourceConfiguration [null] for test class [tak.server.PropertiesApiTests]
20:41:38.060 [Test worker] DEBUG o.s.t.annotation.ProfileValueUtils - Retrieved ProfileValueSource type [class org.springframework.test.annotation.SystemProfileValueSource] for class [tak.server.PropertiesApiTests]
20:41:38.060 [Test worker] DEBUG o.s.t.c.s.DependencyInjectionTestExecutionListener - Performing dependency injection for test class tak.server.PropertiesApiTests
20:41:38.061 [Test worker] DEBUG o.springframework.test.context.cache - Spring test ApplicationContext cache statistics: [DefaultContextCache@2e7e4480 size = 1, maxSize = 32, parentContextCount = 0, hitCount = 322, missCount = 1]
20:41:38.061 [Test worker] DEBUG o.springframework.test.context.cache - Spring test ApplicationContext cache statistics: [DefaultContextCache@2e7e4480 size = 1, maxSize = 32, parentContextCount = 0, hitCount = 323, missCount = 1]
20:41:38.065 [Test worker] DEBUG o.s.t.c.s.DirtiesContextBeforeModesTestExecutionListener - Before test method: class [PropertiesApiTests], method [deleteAllKeysWithBadUidShouldThrowError], class annotated with @DirtiesContext [false] with mode [null], method annotated with @DirtiesContext [false] with mode [null]
20:41:38.065 [Test worker] DEBUG o.springframework.test.context.cache - Spring test ApplicationContext cache statistics: [DefaultContextCache@2e7e4480 size = 1, maxSize = 32, parentContextCount = 0, hitCount = 324, missCount = 1]
20:41:38.065 [Test worker] DEBUG o.springframework.test.context.cache - Spring test ApplicationContext cache statistics: [DefaultContextCache@2e7e4480 size = 1, maxSize = 32, parentContextCount = 0, hitCount = 325, missCount = 1]
20:41:38.066 [Test worker] DEBUG o.springframework.test.context.cache - Spring test ApplicationContext cache statistics: [DefaultContextCache@2e7e4480 size = 1, maxSize = 32, parentContextCount = 0, hitCount = 326, missCount = 1]
20:41:38.066 [Test worker] DEBUG o.springframework.test.context.cache - Spring test ApplicationContext cache statistics: [DefaultContextCache@2e7e4480 size = 1, maxSize = 32, parentContextCount = 0, hitCount = 327, missCount = 1]
20:41:38.066 [Test worker] DEBUG o.springframework.test.context.cache - Spring test ApplicationContext cache statistics: [DefaultContextCache@2e7e4480 size = 1, maxSize = 32, parentContextCount = 0, hitCount = 328, missCount = 1]
20:41:38.066 [Test worker] DEBUG o.springframework.test.context.cache - Spring test ApplicationContext cache statistics: [DefaultContextCache@2e7e4480 size = 1, maxSize = 32, parentContextCount = 0, hitCount = 329, missCount = 1]
20:41:38.066 [Test worker] DEBUG o.springframework.test.context.cache - Spring test ApplicationContext cache statistics: [DefaultContextCache@2e7e4480 size = 1, maxSize = 32, parentContextCount = 0, hitCount = 330, missCount = 1]
20:41:38.066 [Test worker] DEBUG o.springframework.test.context.cache - Spring test ApplicationContext cache statistics: [DefaultContextCache@2e7e4480 size = 1, maxSize = 32, parentContextCount = 0, hitCount = 331, missCount = 1]
20:41:38.067 [Test worker] DEBUG o.springframework.test.context.cache - Spring test ApplicationContext cache statistics: [DefaultContextCache@2e7e4480 size = 1, maxSize = 32, parentContextCount = 0, hitCount = 332, missCount = 1]
20:41:38.067 [Test worker] DEBUG o.s.t.c.s.DirtiesContextTestExecutionListener - After test method: class [PropertiesApiTests], method [deleteAllKeysWithBadUidShouldThrowError], class annotated with @DirtiesContext [false] with mode [null], method annotated with @DirtiesContext [false] with mode [null]
20:41:38.067 [Test worker] DEBUG o.s.t.annotation.ProfileValueUtils - Retrieved @ProfileValueSourceConfiguration [null] for test class [tak.server.PropertiesApiTests]
20:41:38.067 [Test worker] DEBUG o.s.t.annotation.ProfileValueUtils - Retrieved ProfileValueSource type [class org.springframework.test.annotation.SystemProfileValueSource] for class [tak.server.PropertiesApiTests]
20:41:38.068 [Test worker] DEBUG o.s.t.c.s.DependencyInjectionTestExecutionListener - Performing dependency injection for test class tak.server.PropertiesApiTests
20:41:38.068 [Test worker] DEBUG o.springframework.test.context.cache - Spring test ApplicationContext cache statistics: [DefaultContextCache@2e7e4480 size = 1, maxSize = 32, parentContextCount = 0, hitCount = 333, missCount = 1]
20:41:38.068 [Test worker] DEBUG o.springframework.test.context.cache - Spring test ApplicationContext cache statistics: [DefaultContextCache@2e7e4480 size = 1, maxSize = 32, parentContextCount = 0, hitCount = 334, missCount = 1]
20:41:38.068 [Test worker] DEBUG o.s.t.c.s.DirtiesContextBeforeModesTestExecutionListener - Before test method: class [PropertiesApiTests], method [getPropertiesForUidShouldReturnAllProperties], class annotated with @DirtiesContext [false] with mode [null], method annotated with @DirtiesContext [false] with mode [null]
20:41:38.068 [Test worker] DEBUG o.springframework.test.context.cache - Spring test ApplicationContext cache statistics: [DefaultContextCache@2e7e4480 size = 1, maxSize = 32, parentContextCount = 0, hitCount = 335, missCount = 1]
20:41:38.068 [Test worker] DEBUG o.springframework.test.context.cache - Spring test ApplicationContext cache statistics: [DefaultContextCache@2e7e4480 size = 1, maxSize = 32, parentContextCount = 0, hitCount = 336, missCount = 1]
20:41:38.069 [Test worker] DEBUG o.springframework.test.context.cache - Spring test ApplicationContext cache statistics: [DefaultContextCache@2e7e4480 size = 1, maxSize = 32, parentContextCount = 0, hitCount = 337, missCount = 1]
20:41:38.069 [Test worker] DEBUG o.springframework.test.context.cache - Spring test ApplicationContext cache statistics: [DefaultContextCache@2e7e4480 size = 1, maxSize = 32, parentContextCount = 0, hitCount = 338, missCount = 1]
20:41:38.069 [Test worker] DEBUG o.springframework.test.context.cache - Spring test ApplicationContext cache statistics: [DefaultContextCache@2e7e4480 size = 1, maxSize = 32, parentContextCount = 0, hitCount = 339, missCount = 1]
20:41:38.069 [Test worker] DEBUG o.springframework.test.context.cache - Spring test ApplicationContext cache statistics: [DefaultContextCache@2e7e4480 size = 1, maxSize = 32, parentContextCount = 0, hitCount = 340, missCount = 1]
20:41:38.069 [Test worker] DEBUG o.springframework.test.context.cache - Spring test ApplicationContext cache statistics: [DefaultContextCache@2e7e4480 size = 1, maxSize = 32, parentContextCount = 0, hitCount = 341, missCount = 1]
20:41:38.069 [Test worker] DEBUG o.springframework.test.context.cache - Spring test ApplicationContext cache statistics: [DefaultContextCache@2e7e4480 size = 1, maxSize = 32, parentContextCount = 0, hitCount = 342, missCount = 1]
20:41:38.069 [Test worker] DEBUG o.springframework.test.context.cache - Spring test ApplicationContext cache statistics: [DefaultContextCache@2e7e4480 size = 1, maxSize = 32, parentContextCount = 0, hitCount = 343, missCount = 1]
20:41:38.070 [Test worker] DEBUG o.s.t.c.s.DirtiesContextTestExecutionListener - After test method: class [PropertiesApiTests], method [getPropertiesForUidShouldReturnAllProperties], class annotated with @DirtiesContext [false] with mode [null], method annotated with @DirtiesContext [false] with mode [null]
20:41:38.070 [Test worker] DEBUG o.s.t.annotation.ProfileValueUtils - Retrieved @ProfileValueSourceConfiguration [null] for test class [tak.server.PropertiesApiTests]
20:41:38.070 [Test worker] DEBUG o.s.t.annotation.ProfileValueUtils - Retrieved ProfileValueSource type [class org.springframework.test.annotation.SystemProfileValueSource] for class [tak.server.PropertiesApiTests]
20:41:38.070 [Test worker] DEBUG o.s.t.c.s.DependencyInjectionTestExecutionListener - Performing dependency injection for test class tak.server.PropertiesApiTests
20:41:38.070 [Test worker] DEBUG o.springframework.test.context.cache - Spring test ApplicationContext cache statistics: [DefaultContextCache@2e7e4480 size = 1, maxSize = 32, parentContextCount = 0, hitCount = 344, missCount = 1]
20:41:38.070 [Test worker] DEBUG o.springframework.test.context.cache - Spring test ApplicationContext cache statistics: [DefaultContextCache@2e7e4480 size = 1, maxSize = 32, parentContextCount = 0, hitCount = 345, missCount = 1]
20:41:38.071 [Test worker] DEBUG o.s.t.c.s.DirtiesContextBeforeModesTestExecutionListener - Before test method: class [PropertiesApiTests], method [getPropertiesForBadUidShouldThrowException], class annotated with @DirtiesContext [false] with mode [null], method annotated with @DirtiesContext [false] with mode [null]
20:41:38.071 [Test worker] DEBUG o.springframework.test.context.cache - Spring test ApplicationContext cache statistics: [DefaultContextCache@2e7e4480 size = 1, maxSize = 32, parentContextCount = 0, hitCount = 346, missCount = 1]
20:41:38.071 [Test worker] DEBUG o.springframework.test.context.cache - Spring test ApplicationContext cache statistics: [DefaultContextCache@2e7e4480 size = 1, maxSize = 32, parentContextCount = 0, hitCount = 347, missCount = 1]
20:41:38.071 [Test worker] DEBUG o.springframework.test.context.cache - Spring test ApplicationContext cache statistics: [DefaultContextCache@2e7e4480 size = 1, maxSize = 32, parentContextCount = 0, hitCount = 348, missCount = 1]
20:41:38.071 [Test worker] DEBUG o.springframework.test.context.cache - Spring test ApplicationContext cache statistics: [DefaultContextCache@2e7e4480 size = 1, maxSize = 32, parentContextCount = 0, hitCount = 349, missCount = 1]
20:41:38.071 [Test worker] DEBUG o.springframework.test.context.cache - Spring test ApplicationContext cache statistics: [DefaultContextCache@2e7e4480 size = 1, maxSize = 32, parentContextCount = 0, hitCount = 350, missCount = 1]
20:41:38.072 [Test worker] DEBUG o.springframework.test.context.cache - Spring test ApplicationContext cache statistics: [DefaultContextCache@2e7e4480 size = 1, maxSize = 32, parentContextCount = 0, hitCount = 351, missCount = 1]
20:41:38.072 [Test worker] DEBUG o.springframework.test.context.cache - Spring test ApplicationContext cache statistics: [DefaultContextCache@2e7e4480 size = 1, maxSize = 32, parentContextCount = 0, hitCount = 352, missCount = 1]
20:41:38.072 [Test worker] DEBUG o.springframework.test.context.cache - Spring test ApplicationContext cache statistics: [DefaultContextCache@2e7e4480 size = 1, maxSize = 32, parentContextCount = 0, hitCount = 353, missCount = 1]
20:41:38.072 [Test worker] DEBUG o.springframework.test.context.cache - Spring test ApplicationContext cache statistics: [DefaultContextCache@2e7e4480 size = 1, maxSize = 32, parentContextCount = 0, hitCount = 354, missCount = 1]
20:41:38.072 [Test worker] DEBUG o.s.t.c.s.DirtiesContextTestExecutionListener - After test method: class [PropertiesApiTests], method [getPropertiesForBadUidShouldThrowException], class annotated with @DirtiesContext [false] with mode [null], method annotated with @DirtiesContext [false] with mode [null]
20:41:38.072 [Test worker] DEBUG o.s.t.annotation.ProfileValueUtils - Retrieved @ProfileValueSourceConfiguration [null] for test class [tak.server.PropertiesApiTests]
20:41:38.072 [Test worker] DEBUG o.s.t.annotation.ProfileValueUtils - Retrieved ProfileValueSource type [class org.springframework.test.annotation.SystemProfileValueSource] for class [tak.server.PropertiesApiTests]
20:41:38.072 [Test worker] DEBUG o.s.t.c.s.DependencyInjectionTestExecutionListener - Performing dependency injection for test class tak.server.PropertiesApiTests
20:41:38.072 [Test worker] DEBUG o.springframework.test.context.cache - Spring test ApplicationContext cache statistics: [DefaultContextCache@2e7e4480 size = 1, maxSize = 32, parentContextCount = 0, hitCount = 355, missCount = 1]
20:41:38.073 [Test worker] DEBUG o.springframework.test.context.cache - Spring test ApplicationContext cache statistics: [DefaultContextCache@2e7e4480 size = 1, maxSize = 32, parentContextCount = 0, hitCount = 356, missCount = 1]
20:41:38.073 [Test worker] DEBUG o.s.t.c.s.DirtiesContextBeforeModesTestExecutionListener - Before test method: class [PropertiesApiTests], method [putKvWithBadUidShouldThrowError], class annotated with @DirtiesContext [false] with mode [null], method annotated with @DirtiesContext [false] with mode [null]
20:41:38.073 [Test worker] DEBUG o.springframework.test.context.cache - Spring test ApplicationContext cache statistics: [DefaultContextCache@2e7e4480 size = 1, maxSize = 32, parentContextCount = 0, hitCount = 357, missCount = 1]
20:41:38.073 [Test worker] DEBUG o.springframework.test.context.cache - Spring test ApplicationContext cache statistics: [DefaultContextCache@2e7e4480 size = 1, maxSize = 32, parentContextCount = 0, hitCount = 358, missCount = 1]
20:41:38.074 [Test worker] DEBUG o.springframework.test.context.cache - Spring test ApplicationContext cache statistics: [DefaultContextCache@2e7e4480 size = 1, maxSize = 32, parentContextCount = 0, hitCount = 359, missCount = 1]
20:41:38.074 [Test worker] DEBUG o.springframework.test.context.cache - Spring test ApplicationContext cache statistics: [DefaultContextCache@2e7e4480 size = 1, maxSize = 32, parentContextCount = 0, hitCount = 360, missCount = 1]
20:41:38.076 [Test worker] DEBUG o.springframework.test.context.cache - Spring test ApplicationContext cache statistics: [DefaultContextCache@2e7e4480 size = 1, maxSize = 32, parentContextCount = 0, hitCount = 361, missCount = 1]
20:41:38.077 [Test worker] DEBUG o.springframework.test.context.cache - Spring test ApplicationContext cache statistics: [DefaultContextCache@2e7e4480 size = 1, maxSize = 32, parentContextCount = 0, hitCount = 362, missCount = 1]
20:41:38.077 [Test worker] DEBUG o.springframework.test.context.cache - Spring test ApplicationContext cache statistics: [DefaultContextCache@2e7e4480 size = 1, maxSize = 32, parentContextCount = 0, hitCount = 363, missCount = 1]
20:41:38.077 [Test worker] DEBUG o.springframework.test.context.cache - Spring test ApplicationContext cache statistics: [DefaultContextCache@2e7e4480 size = 1, maxSize = 32, parentContextCount = 0, hitCount = 364, missCount = 1]
20:41:38.077 [Test worker] DEBUG o.springframework.test.context.cache - Spring test ApplicationContext cache statistics: [DefaultContextCache@2e7e4480 size = 1, maxSize = 32, parentContextCount = 0, hitCount = 365, missCount = 1]
20:41:38.077 [Test worker] DEBUG o.s.t.c.s.DirtiesContextTestExecutionListener - After test method: class [PropertiesApiTests], method [putKvWithBadUidShouldThrowError], class annotated with @DirtiesContext [false] with mode [null], method annotated with @DirtiesContext [false] with mode [null]
20:41:38.077 [Test worker] DEBUG o.s.t.annotation.ProfileValueUtils - Retrieved @ProfileValueSourceConfiguration [null] for test class [tak.server.PropertiesApiTests]
20:41:38.077 [Test worker] DEBUG o.s.t.annotation.ProfileValueUtils - Retrieved ProfileValueSource type [class org.springframework.test.annotation.SystemProfileValueSource] for class [tak.server.PropertiesApiTests]
20:41:38.078 [Test worker] DEBUG o.s.t.c.s.DependencyInjectionTestExecutionListener - Performing dependency injection for test class tak.server.PropertiesApiTests
20:41:38.078 [Test worker] DEBUG o.springframework.test.context.cache - Spring test ApplicationContext cache statistics: [DefaultContextCache@2e7e4480 size = 1, maxSize = 32, parentContextCount = 0, hitCount = 366, missCount = 1]
20:41:38.078 [Test worker] DEBUG o.springframework.test.context.cache - Spring test ApplicationContext cache statistics: [DefaultContextCache@2e7e4480 size = 1, maxSize = 32, parentContextCount = 0, hitCount = 367, missCount = 1]
20:41:38.078 [Test worker] DEBUG o.s.t.c.s.DirtiesContextBeforeModesTestExecutionListener - Before test method: class [PropertiesApiTests], method [deleteKeysForUidShouldNotThrowException], class annotated with @DirtiesContext [false] with mode [null], method annotated with @DirtiesContext [false] with mode [null]
20:41:38.078 [Test worker] DEBUG o.springframework.test.context.cache - Spring test ApplicationContext cache statistics: [DefaultContextCache@2e7e4480 size = 1, maxSize = 32, parentContextCount = 0, hitCount = 368, missCount = 1]
20:41:38.079 [Test worker] DEBUG o.springframework.test.context.cache - Spring test ApplicationContext cache statistics: [DefaultContextCache@2e7e4480 size = 1, maxSize = 32, parentContextCount = 0, hitCount = 369, missCount = 1]
20:41:38.079 [Test worker] DEBUG o.springframework.test.context.cache - Spring test ApplicationContext cache statistics: [DefaultContextCache@2e7e4480 size = 1, maxSize = 32, parentContextCount = 0, hitCount = 370, missCount = 1]
20:41:38.080 [Test worker] DEBUG o.springframework.test.context.cache - Spring test ApplicationContext cache statistics: [DefaultContextCache@2e7e4480 size = 1, maxSize = 32, parentContextCount = 0, hitCount = 371, missCount = 1]
20:41:38.082 [Test worker] DEBUG o.springframework.test.context.cache - Spring test ApplicationContext cache statistics: [DefaultContextCache@2e7e4480 size = 1, maxSize = 32, parentContextCount = 0, hitCount = 372, missCount = 1]
20:41:38.082 [Test worker] DEBUG o.springframework.test.context.cache - Spring test ApplicationContext cache statistics: [DefaultContextCache@2e7e4480 size = 1, maxSize = 32, parentContextCount = 0, hitCount = 373, missCount = 1]
20:41:38.082 [Test worker] DEBUG o.springframework.test.context.cache - Spring test ApplicationContext cache statistics: [DefaultContextCache@2e7e4480 size = 1, maxSize = 32, parentContextCount = 0, hitCount = 374, missCount = 1]
20:41:38.082 [Test worker] DEBUG o.springframework.test.context.cache - Spring test ApplicationContext cache statistics: [DefaultContextCache@2e7e4480 size = 1, maxSize = 32, parentContextCount = 0, hitCount = 375, missCount = 1]
20:41:38.083 [Test worker] DEBUG o.springframework.test.context.cache - Spring test ApplicationContext cache statistics: [DefaultContextCache@2e7e4480 size = 1, maxSize = 32, parentContextCount = 0, hitCount = 376, missCount = 1]
20:41:38.084 [Test worker] DEBUG o.s.t.c.s.DirtiesContextTestExecutionListener - After test method: class [PropertiesApiTests], method [deleteKeysForUidShouldNotThrowException], class annotated with @DirtiesContext [false] with mode [null], method annotated with @DirtiesContext [false] with mode [null]
20:41:38.085 [Test worker] DEBUG o.springframework.test.context.cache - Spring test ApplicationContext cache statistics: [DefaultContextCache@2e7e4480 size = 1, maxSize = 32, parentContextCount = 0, hitCount = 377, missCount = 1]
20:41:38.085 [Test worker] DEBUG o.s.t.c.s.DirtiesContextTestExecutionListener - After test class: class [PropertiesApiTests], class annotated with @DirtiesContext [false] with mode [null]
]]></system-out>
  <system-err><![CDATA[]]></system-err>
</testsuite>
