<?xml version="1.0" encoding="UTF-8"?>
<testsuite name="tak.server.ProtoAndCotMessageConversionTests" tests="3" skipped="0" failures="0" errors="0" timestamp="2025-04-08T23:01:02" hostname="lenss-10" time="0.054">
  <properties/>
  <testcase name="ParseProtoSAFromString" classname="tak.server.ProtoAndCotMessageConversionTests" time="0.01"/>
  <testcase name="parseCotChat" classname="tak.server.ProtoAndCotMessageConversionTests" time="0.003"/>
  <testcase name="parseCotSA" classname="tak.server.ProtoAndCotMessageConversionTests" time="0.038"/>
  <system-out><![CDATA[18:01:02.399 [Test worker] DEBUG o.s.t.c.s.DefaultTestContextBootstrapper - Using ContextCustomizers for test class [ProtoAndCotMessageConversionTests]: [DisableObservabilityContextCustomizer, PropertyMappingContextCustomizer, WebDriverContextCustomizer, ExcludeFilterContextCustomizer, DuplicateJsonObjectContextCustomizer, MockitoContextCustomizer]
18:01:02.403 [Test worker] DEBUG o.s.t.c.u.TestContextSpringFactoriesUtils - Skipping candidate TestExecutionListener [org.springframework.test.context.observation.MicrometerObservationRegistryTestExecutionListener] due to a missing dependency. Specify custom TestExecutionListener classes or make the default TestExecutionListener classes and their required dependencies available. Offending class: io.micrometer.context.ThreadLocalAccessor. MicrometerObservationRegistryTestExecutionListener requires io.micrometer:micrometer-observation:1.10.8 or higher and io.micrometer:context-propagation:1.0.3 or higher.
18:01:02.403 [Test worker] DEBUG o.s.t.c.s.DefaultTestContextBootstrapper - Using TestExecutionListeners for test class [ProtoAndCotMessageConversionTests]: [ServletTestExecutionListener, DirtiesContextBeforeModesTestExecutionListener, ApplicationEventsTestExecutionListener, MockitoTestExecutionListener, DependencyInjectionTestExecutionListener, DirtiesContextTestExecutionListener, TransactionalTestExecutionListener, SqlScriptsTestExecutionListener, EventPublishingTestExecutionListener, RestDocsTestExecutionListener, MockRestServiceServerResetTestExecutionListener, MockMvcPrintOnlyOnFailureTestExecutionListener, WebDriverTestExecutionListener, MockWebServiceServerTestExecutionListener, ResetMocksTestExecutionListener]
18:01:02.403 [Test worker] DEBUG o.s.t.annotation.ProfileValueUtils - Retrieved @ProfileValueSourceConfiguration [null] for test class [tak.server.ProtoAndCotMessageConversionTests]
18:01:02.403 [Test worker] DEBUG o.s.t.annotation.ProfileValueUtils - Retrieved ProfileValueSource type [class org.springframework.test.annotation.SystemProfileValueSource] for class [tak.server.ProtoAndCotMessageConversionTests]
18:01:02.403 [Test worker] DEBUG o.s.t.annotation.ProfileValueUtils - Retrieved @ProfileValueSourceConfiguration [null] for test class [tak.server.ProtoAndCotMessageConversionTests]
18:01:02.403 [Test worker] DEBUG o.s.t.annotation.ProfileValueUtils - Retrieved ProfileValueSource type [class org.springframework.test.annotation.SystemProfileValueSource] for class [tak.server.ProtoAndCotMessageConversionTests]
18:01:02.408 [Test worker] DEBUG o.s.t.c.s.DirtiesContextBeforeModesTestExecutionListener - Before test class: class [ProtoAndCotMessageConversionTests], class annotated with @DirtiesContext [false] with mode [null]
18:01:02.409 [Test worker] DEBUG o.springframework.test.context.cache - Spring test ApplicationContext cache statistics: [DefaultContextCache@782143e8 size = 1, maxSize = 32, parentContextCount = 0, hitCount = 378, missCount = 1]
18:01:02.410 [Test worker] DEBUG o.s.t.annotation.ProfileValueUtils - Retrieved @ProfileValueSourceConfiguration [null] for test class [tak.server.ProtoAndCotMessageConversionTests]
18:01:02.410 [Test worker] DEBUG o.s.t.annotation.ProfileValueUtils - Retrieved ProfileValueSource type [class org.springframework.test.annotation.SystemProfileValueSource] for class [tak.server.ProtoAndCotMessageConversionTests]
18:01:02.411 [Test worker] DEBUG o.s.t.c.s.DependencyInjectionTestExecutionListener - Performing dependency injection for test class tak.server.ProtoAndCotMessageConversionTests
18:01:02.412 [Test worker] DEBUG o.springframework.test.context.cache - Spring test ApplicationContext cache statistics: [DefaultContextCache@782143e8 size = 1, maxSize = 32, parentContextCount = 0, hitCount = 379, missCount = 1]
18:01:02.412 [Test worker] DEBUG o.springframework.test.context.cache - Spring test ApplicationContext cache statistics: [DefaultContextCache@782143e8 size = 1, maxSize = 32, parentContextCount = 0, hitCount = 380, missCount = 1]
18:01:02.413 [Test worker] DEBUG o.s.t.c.s.DirtiesContextBeforeModesTestExecutionListener - Before test method: class [ProtoAndCotMessageConversionTests], method [ParseProtoSAFromString], class annotated with @DirtiesContext [false] with mode [null], method annotated with @DirtiesContext [false] with mode [null]
18:01:02.413 [Test worker] DEBUG o.springframework.test.context.cache - Spring test ApplicationContext cache statistics: [DefaultContextCache@782143e8 size = 1, maxSize = 32, parentContextCount = 0, hitCount = 381, missCount = 1]
18:01:02.413 [Test worker] DEBUG o.springframework.test.context.cache - Spring test ApplicationContext cache statistics: [DefaultContextCache@782143e8 size = 1, maxSize = 32, parentContextCount = 0, hitCount = 382, missCount = 1]
18:01:02.413 [Test worker] DEBUG o.springframework.test.context.cache - Spring test ApplicationContext cache statistics: [DefaultContextCache@782143e8 size = 1, maxSize = 32, parentContextCount = 0, hitCount = 383, missCount = 1]
18:01:02.421 [Test worker] DEBUG o.springframework.test.context.cache - Spring test ApplicationContext cache statistics: [DefaultContextCache@782143e8 size = 1, maxSize = 32, parentContextCount = 0, hitCount = 384, missCount = 1]
18:01:02.421 [Test worker] DEBUG o.springframework.test.context.cache - Spring test ApplicationContext cache statistics: [DefaultContextCache@782143e8 size = 1, maxSize = 32, parentContextCount = 0, hitCount = 385, missCount = 1]
18:01:02.421 [Test worker] DEBUG o.springframework.test.context.cache - Spring test ApplicationContext cache statistics: [DefaultContextCache@782143e8 size = 1, maxSize = 32, parentContextCount = 0, hitCount = 386, missCount = 1]
18:01:02.421 [Test worker] DEBUG o.springframework.test.context.cache - Spring test ApplicationContext cache statistics: [DefaultContextCache@782143e8 size = 1, maxSize = 32, parentContextCount = 0, hitCount = 387, missCount = 1]
18:01:02.421 [Test worker] DEBUG o.springframework.test.context.cache - Spring test ApplicationContext cache statistics: [DefaultContextCache@782143e8 size = 1, maxSize = 32, parentContextCount = 0, hitCount = 388, missCount = 1]
18:01:02.421 [Test worker] DEBUG o.springframework.test.context.cache - Spring test ApplicationContext cache statistics: [DefaultContextCache@782143e8 size = 1, maxSize = 32, parentContextCount = 0, hitCount = 389, missCount = 1]
18:01:02.422 [Test worker] DEBUG o.s.t.c.s.DirtiesContextTestExecutionListener - After test method: class [ProtoAndCotMessageConversionTests], method [ParseProtoSAFromString], class annotated with @DirtiesContext [false] with mode [null], method annotated with @DirtiesContext [false] with mode [null]
18:01:02.423 [Test worker] DEBUG o.s.t.annotation.ProfileValueUtils - Retrieved @ProfileValueSourceConfiguration [null] for test class [tak.server.ProtoAndCotMessageConversionTests]
18:01:02.423 [Test worker] DEBUG o.s.t.annotation.ProfileValueUtils - Retrieved ProfileValueSource type [class org.springframework.test.annotation.SystemProfileValueSource] for class [tak.server.ProtoAndCotMessageConversionTests]
18:01:02.424 [Test worker] DEBUG o.s.t.c.s.DependencyInjectionTestExecutionListener - Performing dependency injection for test class tak.server.ProtoAndCotMessageConversionTests
18:01:02.424 [Test worker] DEBUG o.springframework.test.context.cache - Spring test ApplicationContext cache statistics: [DefaultContextCache@782143e8 size = 1, maxSize = 32, parentContextCount = 0, hitCount = 390, missCount = 1]
18:01:02.424 [Test worker] DEBUG o.springframework.test.context.cache - Spring test ApplicationContext cache statistics: [DefaultContextCache@782143e8 size = 1, maxSize = 32, parentContextCount = 0, hitCount = 391, missCount = 1]
18:01:02.425 [Test worker] DEBUG o.s.t.c.s.DirtiesContextBeforeModesTestExecutionListener - Before test method: class [ProtoAndCotMessageConversionTests], method [parseCotChat], class annotated with @DirtiesContext [false] with mode [null], method annotated with @DirtiesContext [false] with mode [null]
18:01:02.425 [Test worker] DEBUG o.springframework.test.context.cache - Spring test ApplicationContext cache statistics: [DefaultContextCache@782143e8 size = 1, maxSize = 32, parentContextCount = 0, hitCount = 392, missCount = 1]
18:01:02.425 [Test worker] DEBUG o.springframework.test.context.cache - Spring test ApplicationContext cache statistics: [DefaultContextCache@782143e8 size = 1, maxSize = 32, parentContextCount = 0, hitCount = 393, missCount = 1]
18:01:02.425 [Test worker] DEBUG o.springframework.test.context.cache - Spring test ApplicationContext cache statistics: [DefaultContextCache@782143e8 size = 1, maxSize = 32, parentContextCount = 0, hitCount = 394, missCount = 1]
18:01:02.426 [Test worker] DEBUG o.springframework.test.context.cache - Spring test ApplicationContext cache statistics: [DefaultContextCache@782143e8 size = 1, maxSize = 32, parentContextCount = 0, hitCount = 395, missCount = 1]
18:01:02.426 [Test worker] DEBUG o.springframework.test.context.cache - Spring test ApplicationContext cache statistics: [DefaultContextCache@782143e8 size = 1, maxSize = 32, parentContextCount = 0, hitCount = 396, missCount = 1]
18:01:02.427 [Test worker] DEBUG o.springframework.test.context.cache - Spring test ApplicationContext cache statistics: [DefaultContextCache@782143e8 size = 1, maxSize = 32, parentContextCount = 0, hitCount = 397, missCount = 1]
18:01:02.427 [Test worker] DEBUG o.springframework.test.context.cache - Spring test ApplicationContext cache statistics: [DefaultContextCache@782143e8 size = 1, maxSize = 32, parentContextCount = 0, hitCount = 398, missCount = 1]
18:01:02.427 [Test worker] DEBUG o.springframework.test.context.cache - Spring test ApplicationContext cache statistics: [DefaultContextCache@782143e8 size = 1, maxSize = 32, parentContextCount = 0, hitCount = 399, missCount = 1]
18:01:02.427 [Test worker] DEBUG o.springframework.test.context.cache - Spring test ApplicationContext cache statistics: [DefaultContextCache@782143e8 size = 1, maxSize = 32, parentContextCount = 0, hitCount = 400, missCount = 1]
18:01:02.427 [Test worker] DEBUG o.s.t.c.s.DirtiesContextTestExecutionListener - After test method: class [ProtoAndCotMessageConversionTests], method [parseCotChat], class annotated with @DirtiesContext [false] with mode [null], method annotated with @DirtiesContext [false] with mode [null]
18:01:02.427 [Test worker] DEBUG o.s.t.annotation.ProfileValueUtils - Retrieved @ProfileValueSourceConfiguration [null] for test class [tak.server.ProtoAndCotMessageConversionTests]
18:01:02.427 [Test worker] DEBUG o.s.t.annotation.ProfileValueUtils - Retrieved ProfileValueSource type [class org.springframework.test.annotation.SystemProfileValueSource] for class [tak.server.ProtoAndCotMessageConversionTests]
18:01:02.428 [Test worker] DEBUG o.s.t.c.s.DependencyInjectionTestExecutionListener - Performing dependency injection for test class tak.server.ProtoAndCotMessageConversionTests
18:01:02.428 [Test worker] DEBUG o.springframework.test.context.cache - Spring test ApplicationContext cache statistics: [DefaultContextCache@782143e8 size = 1, maxSize = 32, parentContextCount = 0, hitCount = 401, missCount = 1]
18:01:02.428 [Test worker] DEBUG o.springframework.test.context.cache - Spring test ApplicationContext cache statistics: [DefaultContextCache@782143e8 size = 1, maxSize = 32, parentContextCount = 0, hitCount = 402, missCount = 1]
18:01:02.428 [Test worker] DEBUG o.s.t.c.s.DirtiesContextBeforeModesTestExecutionListener - Before test method: class [ProtoAndCotMessageConversionTests], method [parseCotSA], class annotated with @DirtiesContext [false] with mode [null], method annotated with @DirtiesContext [false] with mode [null]
18:01:02.429 [Test worker] DEBUG o.springframework.test.context.cache - Spring test ApplicationContext cache statistics: [DefaultContextCache@782143e8 size = 1, maxSize = 32, parentContextCount = 0, hitCount = 403, missCount = 1]
18:01:02.429 [Test worker] DEBUG o.springframework.test.context.cache - Spring test ApplicationContext cache statistics: [DefaultContextCache@782143e8 size = 1, maxSize = 32, parentContextCount = 0, hitCount = 404, missCount = 1]
18:01:02.429 [Test worker] DEBUG o.springframework.test.context.cache - Spring test ApplicationContext cache statistics: [DefaultContextCache@782143e8 size = 1, maxSize = 32, parentContextCount = 0, hitCount = 405, missCount = 1]
18:01:02.465 [Test worker] DEBUG o.springframework.test.context.cache - Spring test ApplicationContext cache statistics: [DefaultContextCache@782143e8 size = 1, maxSize = 32, parentContextCount = 0, hitCount = 406, missCount = 1]
18:01:02.465 [Test worker] DEBUG o.springframework.test.context.cache - Spring test ApplicationContext cache statistics: [DefaultContextCache@782143e8 size = 1, maxSize = 32, parentContextCount = 0, hitCount = 407, missCount = 1]
18:01:02.465 [Test worker] DEBUG o.springframework.test.context.cache - Spring test ApplicationContext cache statistics: [DefaultContextCache@782143e8 size = 1, maxSize = 32, parentContextCount = 0, hitCount = 408, missCount = 1]
18:01:02.465 [Test worker] DEBUG o.springframework.test.context.cache - Spring test ApplicationContext cache statistics: [DefaultContextCache@782143e8 size = 1, maxSize = 32, parentContextCount = 0, hitCount = 409, missCount = 1]
18:01:02.465 [Test worker] DEBUG o.springframework.test.context.cache - Spring test ApplicationContext cache statistics: [DefaultContextCache@782143e8 size = 1, maxSize = 32, parentContextCount = 0, hitCount = 410, missCount = 1]
18:01:02.466 [Test worker] DEBUG o.springframework.test.context.cache - Spring test ApplicationContext cache statistics: [DefaultContextCache@782143e8 size = 1, maxSize = 32, parentContextCount = 0, hitCount = 411, missCount = 1]
18:01:02.466 [Test worker] DEBUG o.s.t.c.s.DirtiesContextTestExecutionListener - After test method: class [ProtoAndCotMessageConversionTests], method [parseCotSA], class annotated with @DirtiesContext [false] with mode [null], method annotated with @DirtiesContext [false] with mode [null]
18:01:02.466 [Test worker] DEBUG o.springframework.test.context.cache - Spring test ApplicationContext cache statistics: [DefaultContextCache@782143e8 size = 1, maxSize = 32, parentContextCount = 0, hitCount = 412, missCount = 1]
18:01:02.466 [Test worker] DEBUG o.s.t.c.s.DirtiesContextTestExecutionListener - After test class: class [ProtoAndCotMessageConversionTests], class annotated with @DirtiesContext [false] with mode [null]
]]></system-out>
  <system-err><![CDATA[]]></system-err>
</testsuite>
