<?xml version="1.0" encoding="UTF-8"?>
<testsuite name="tak.server.XPathPerformanceTest" tests="3" skipped="0" failures="0" errors="0" timestamp="2025-04-16T01:41:38" hostname="lenss-10" time="0.039">
  <properties/>
  <testcase name="missionXpathTiming" classname="tak.server.XPathPerformanceTest" time="0.032"/>
  <testcase name="stringMatchTimingWithLowercase" classname="tak.server.XPathPerformanceTest" time="0.003"/>
  <testcase name="stringMatchTiming" classname="tak.server.XPathPerformanceTest" time="0.003"/>
  <system-out><![CDATA[20:41:38.249 [Test worker] DEBUG o.s.t.c.s.DefaultTestContextBootstrapper - Using ContextCustomizers for test class [XPathPerformanceTest]: [DisableObservabilityContextCustomizer, PropertyMappingContextCustomizer, WebDriverContextCustomizer, ExcludeFilterContextCustomizer, DuplicateJsonObjectContextCustomizer, MockitoContextCustomizer]
20:41:38.249 [Test worker] DEBUG o.s.t.c.u.TestContextSpringFactoriesUtils - Skipping candidate TestExecutionListener [org.springframework.test.context.observation.MicrometerObservationRegistryTestExecutionListener] due to a missing dependency. Specify custom TestExecutionListener classes or make the default TestExecutionListener classes and their required dependencies available. Offending class: io.micrometer.context.ThreadLocalAccessor. MicrometerObservationRegistryTestExecutionListener requires io.micrometer:micrometer-observation:1.10.8 or higher and io.micrometer:context-propagation:1.0.3 or higher.
20:41:38.250 [Test worker] DEBUG o.s.t.c.s.DefaultTestContextBootstrapper - Using TestExecutionListeners for test class [XPathPerformanceTest]: [ServletTestExecutionListener, DirtiesContextBeforeModesTestExecutionListener, ApplicationEventsTestExecutionListener, MockitoTestExecutionListener, DependencyInjectionTestExecutionListener, DirtiesContextTestExecutionListener, TransactionalTestExecutionListener, SqlScriptsTestExecutionListener, EventPublishingTestExecutionListener, RestDocsTestExecutionListener, MockRestServiceServerResetTestExecutionListener, MockMvcPrintOnlyOnFailureTestExecutionListener, WebDriverTestExecutionListener, MockWebServiceServerTestExecutionListener, ResetMocksTestExecutionListener]
20:41:38.250 [Test worker] DEBUG o.s.t.annotation.ProfileValueUtils - Retrieved @ProfileValueSourceConfiguration [null] for test class [tak.server.XPathPerformanceTest]
20:41:38.250 [Test worker] DEBUG o.s.t.annotation.ProfileValueUtils - Retrieved ProfileValueSource type [class org.springframework.test.annotation.SystemProfileValueSource] for class [tak.server.XPathPerformanceTest]
20:41:38.250 [Test worker] DEBUG o.s.t.annotation.ProfileValueUtils - Retrieved @ProfileValueSourceConfiguration [null] for test class [tak.server.XPathPerformanceTest]
20:41:38.250 [Test worker] DEBUG o.s.t.annotation.ProfileValueUtils - Retrieved ProfileValueSource type [class org.springframework.test.annotation.SystemProfileValueSource] for class [tak.server.XPathPerformanceTest]
20:41:38.250 [Test worker] DEBUG o.s.t.c.s.DirtiesContextBeforeModesTestExecutionListener - Before test class: class [XPathPerformanceTest], class annotated with @DirtiesContext [false] with mode [null]
20:41:38.250 [Test worker] DEBUG o.springframework.test.context.cache - Spring test ApplicationContext cache statistics: [DefaultContextCache@2e7e4480 size = 1, maxSize = 32, parentContextCount = 0, hitCount = 426, missCount = 1]
20:41:38.250 [Test worker] DEBUG o.s.t.annotation.ProfileValueUtils - Retrieved @ProfileValueSourceConfiguration [null] for test class [tak.server.XPathPerformanceTest]
20:41:38.250 [Test worker] DEBUG o.s.t.annotation.ProfileValueUtils - Retrieved ProfileValueSource type [class org.springframework.test.annotation.SystemProfileValueSource] for class [tak.server.XPathPerformanceTest]
20:41:38.250 [Test worker] DEBUG o.s.t.c.s.DependencyInjectionTestExecutionListener - Performing dependency injection for test class tak.server.XPathPerformanceTest
20:41:38.250 [Test worker] DEBUG o.springframework.test.context.cache - Spring test ApplicationContext cache statistics: [DefaultContextCache@2e7e4480 size = 1, maxSize = 32, parentContextCount = 0, hitCount = 427, missCount = 1]
20:41:38.251 [Test worker] DEBUG o.springframework.test.context.cache - Spring test ApplicationContext cache statistics: [DefaultContextCache@2e7e4480 size = 1, maxSize = 32, parentContextCount = 0, hitCount = 428, missCount = 1]
20:41:38.251 [Test worker] DEBUG o.s.t.c.s.DirtiesContextBeforeModesTestExecutionListener - Before test method: class [XPathPerformanceTest], method [missionXpathTiming], class annotated with @DirtiesContext [false] with mode [null], method annotated with @DirtiesContext [false] with mode [null]
20:41:38.251 [Test worker] DEBUG o.springframework.test.context.cache - Spring test ApplicationContext cache statistics: [DefaultContextCache@2e7e4480 size = 1, maxSize = 32, parentContextCount = 0, hitCount = 429, missCount = 1]
20:41:38.251 [Test worker] DEBUG o.springframework.test.context.cache - Spring test ApplicationContext cache statistics: [DefaultContextCache@2e7e4480 size = 1, maxSize = 32, parentContextCount = 0, hitCount = 430, missCount = 1]
20:41:38.251 [Test worker] DEBUG o.springframework.test.context.cache - Spring test ApplicationContext cache statistics: [DefaultContextCache@2e7e4480 size = 1, maxSize = 32, parentContextCount = 0, hitCount = 431, missCount = 1]
20:41:38.254 [Test worker] INFO  tak.server.XPathPerformanceTest - CoT parse timing: 1848310 ns
20:41:38.256 [Test worker] INFO  tak.server.XPathPerformanceTest - CoT parse timing: 2095991 ns
20:41:38.258 [Test worker] INFO  tak.server.XPathPerformanceTest - CoT parse timing: 1527633 ns
20:41:38.259 [Test worker] INFO  tak.server.XPathPerformanceTest - CoT parse timing: 1294970 ns
20:41:38.261 [Test worker] INFO  tak.server.XPathPerformanceTest - CoT parse timing: 1432705 ns
20:41:38.262 [Test worker] INFO  tak.server.XPathPerformanceTest - CoT parse timing: 1382449 ns
20:41:38.266 [Test worker] INFO  tak.server.XPathPerformanceTest - CoT parse timing: 3600584 ns
20:41:38.272 [Test worker] INFO  tak.server.XPathPerformanceTest - CoT parse timing: 6511465 ns
20:41:38.275 [Test worker] INFO  tak.server.XPathPerformanceTest - CoT parse timing: 2569196 ns
20:41:38.277 [Test worker] INFO  tak.server.XPathPerformanceTest - CoT parse timing: 1784439 ns
20:41:38.278 [Test worker] INFO  tak.server.XPathPerformanceTest - chatCot: <?xml version="1.0" encoding="UTF-8"?>
<event version="2.0" uid="GeoChat.ANDROID-358982072593830.Green.2b4fb2c4-300d-41e6-9df3-f21b597b87e3" type="b-t-f" time="2017-06-19T17:13:53.047Z" start="2017-06-19T17:13:53.047Z" stale="2017-06-20T17:13:53.047Z" how="h-g-i-g-o"><point lat="0.0" lon="0.0" hae="9999999.0" ce="9999999" le="9999999"/><detail><__chat id="Green" chatroom="Green"><chatgrp uid0="ANDROID-358982072593830" id="Green"/></__chat><link relation="p-p" type="a-f-G-U-C" uid="ANDROID-358982072593830"/><remarks time="2017-06-19T17:13:53.047Z" source="BAO.F.ATAK.ANDROID-358982072593830">hey there</remarks><precisionlocation geopointsrc="???" altsrc="???"/><_flow-tags_ marti1="2017-06-19T17:13:53Z"/><marti><dest mission="jimmy"/></marti></detail></event>
20:41:38.280 [Test worker] INFO  tak.server.XPathPerformanceTest - mission XPath timing: 1803716 ns
20:41:38.280 [Test worker] INFO  tak.server.XPathPerformanceTest - mission XPath timing: 183889 ns
20:41:38.280 [Test worker] INFO  tak.server.XPathPerformanceTest - mission XPath timing: 286950 ns
20:41:38.281 [Test worker] INFO  tak.server.XPathPerformanceTest - mission XPath timing: 158983 ns
20:41:38.281 [Test worker] INFO  tak.server.XPathPerformanceTest - mission XPath timing: 146434 ns
20:41:38.281 [Test worker] INFO  tak.server.XPathPerformanceTest - mission XPath timing: 152482 ns
20:41:38.281 [Test worker] INFO  tak.server.XPathPerformanceTest - mission XPath timing: 150293 ns
20:41:38.281 [Test worker] INFO  tak.server.XPathPerformanceTest - mission XPath timing: 145102 ns
20:41:38.282 [Test worker] INFO  tak.server.XPathPerformanceTest - mission XPath timing: 136836 ns
20:41:38.282 [Test worker] INFO  tak.server.XPathPerformanceTest - mission XPath timing: 138761 ns
20:41:38.282 [Test worker] DEBUG o.springframework.test.context.cache - Spring test ApplicationContext cache statistics: [DefaultContextCache@2e7e4480 size = 1, maxSize = 32, parentContextCount = 0, hitCount = 432, missCount = 1]
20:41:38.282 [Test worker] DEBUG o.springframework.test.context.cache - Spring test ApplicationContext cache statistics: [DefaultContextCache@2e7e4480 size = 1, maxSize = 32, parentContextCount = 0, hitCount = 433, missCount = 1]
20:41:38.282 [Test worker] DEBUG o.springframework.test.context.cache - Spring test ApplicationContext cache statistics: [DefaultContextCache@2e7e4480 size = 1, maxSize = 32, parentContextCount = 0, hitCount = 434, missCount = 1]
20:41:38.282 [Test worker] DEBUG o.springframework.test.context.cache - Spring test ApplicationContext cache statistics: [DefaultContextCache@2e7e4480 size = 1, maxSize = 32, parentContextCount = 0, hitCount = 435, missCount = 1]
20:41:38.283 [Test worker] DEBUG o.springframework.test.context.cache - Spring test ApplicationContext cache statistics: [DefaultContextCache@2e7e4480 size = 1, maxSize = 32, parentContextCount = 0, hitCount = 436, missCount = 1]
20:41:38.283 [Test worker] DEBUG o.springframework.test.context.cache - Spring test ApplicationContext cache statistics: [DefaultContextCache@2e7e4480 size = 1, maxSize = 32, parentContextCount = 0, hitCount = 437, missCount = 1]
20:41:38.283 [Test worker] DEBUG o.s.t.c.s.DirtiesContextTestExecutionListener - After test method: class [XPathPerformanceTest], method [missionXpathTiming], class annotated with @DirtiesContext [false] with mode [null], method annotated with @DirtiesContext [false] with mode [null]
20:41:38.283 [Test worker] DEBUG o.s.t.annotation.ProfileValueUtils - Retrieved @ProfileValueSourceConfiguration [null] for test class [tak.server.XPathPerformanceTest]
20:41:38.283 [Test worker] DEBUG o.s.t.annotation.ProfileValueUtils - Retrieved ProfileValueSource type [class org.springframework.test.annotation.SystemProfileValueSource] for class [tak.server.XPathPerformanceTest]
20:41:38.283 [Test worker] DEBUG o.s.t.c.s.DependencyInjectionTestExecutionListener - Performing dependency injection for test class tak.server.XPathPerformanceTest
20:41:38.284 [Test worker] DEBUG o.springframework.test.context.cache - Spring test ApplicationContext cache statistics: [DefaultContextCache@2e7e4480 size = 1, maxSize = 32, parentContextCount = 0, hitCount = 438, missCount = 1]
20:41:38.284 [Test worker] DEBUG o.springframework.test.context.cache - Spring test ApplicationContext cache statistics: [DefaultContextCache@2e7e4480 size = 1, maxSize = 32, parentContextCount = 0, hitCount = 439, missCount = 1]
20:41:38.284 [Test worker] DEBUG o.s.t.c.s.DirtiesContextBeforeModesTestExecutionListener - Before test method: class [XPathPerformanceTest], method [stringMatchTimingWithLowercase], class annotated with @DirtiesContext [false] with mode [null], method annotated with @DirtiesContext [false] with mode [null]
20:41:38.285 [Test worker] DEBUG o.springframework.test.context.cache - Spring test ApplicationContext cache statistics: [DefaultContextCache@2e7e4480 size = 1, maxSize = 32, parentContextCount = 0, hitCount = 440, missCount = 1]
20:41:38.285 [Test worker] DEBUG o.springframework.test.context.cache - Spring test ApplicationContext cache statistics: [DefaultContextCache@2e7e4480 size = 1, maxSize = 32, parentContextCount = 0, hitCount = 441, missCount = 1]
20:41:38.285 [Test worker] DEBUG o.springframework.test.context.cache - Spring test ApplicationContext cache statistics: [DefaultContextCache@2e7e4480 size = 1, maxSize = 32, parentContextCount = 0, hitCount = 442, missCount = 1]
20:41:38.285 [Test worker] INFO  tak.server.XPathPerformanceTest - string no-match timing toLowerCase(): 23600 ns
20:41:38.285 [Test worker] INFO  tak.server.XPathPerformanceTest - string no-match timing toLowerCase(): 1364 ns
20:41:38.285 [Test worker] INFO  tak.server.XPathPerformanceTest - string no-match timing toLowerCase(): 1265 ns
20:41:38.285 [Test worker] INFO  tak.server.XPathPerformanceTest - string no-match timing toLowerCase(): 1252 ns
20:41:38.285 [Test worker] INFO  tak.server.XPathPerformanceTest - string no-match timing toLowerCase(): 1270 ns
20:41:38.285 [Test worker] INFO  tak.server.XPathPerformanceTest - string no-match timing toLowerCase(): 1232 ns
20:41:38.285 [Test worker] INFO  tak.server.XPathPerformanceTest - string no-match timing toLowerCase(): 1223 ns
20:41:38.285 [Test worker] INFO  tak.server.XPathPerformanceTest - string no-match timing toLowerCase(): 1253 ns
20:41:38.285 [Test worker] INFO  tak.server.XPathPerformanceTest - string no-match timing toLowerCase(): 1293 ns
20:41:38.286 [Test worker] INFO  tak.server.XPathPerformanceTest - string no-match timing toLowerCase(): 1263 ns
20:41:38.286 [Test worker] DEBUG o.springframework.test.context.cache - Spring test ApplicationContext cache statistics: [DefaultContextCache@2e7e4480 size = 1, maxSize = 32, parentContextCount = 0, hitCount = 443, missCount = 1]
20:41:38.286 [Test worker] DEBUG o.springframework.test.context.cache - Spring test ApplicationContext cache statistics: [DefaultContextCache@2e7e4480 size = 1, maxSize = 32, parentContextCount = 0, hitCount = 444, missCount = 1]
20:41:38.286 [Test worker] DEBUG o.springframework.test.context.cache - Spring test ApplicationContext cache statistics: [DefaultContextCache@2e7e4480 size = 1, maxSize = 32, parentContextCount = 0, hitCount = 445, missCount = 1]
20:41:38.286 [Test worker] DEBUG o.springframework.test.context.cache - Spring test ApplicationContext cache statistics: [DefaultContextCache@2e7e4480 size = 1, maxSize = 32, parentContextCount = 0, hitCount = 446, missCount = 1]
20:41:38.286 [Test worker] DEBUG o.springframework.test.context.cache - Spring test ApplicationContext cache statistics: [DefaultContextCache@2e7e4480 size = 1, maxSize = 32, parentContextCount = 0, hitCount = 447, missCount = 1]
20:41:38.286 [Test worker] DEBUG o.springframework.test.context.cache - Spring test ApplicationContext cache statistics: [DefaultContextCache@2e7e4480 size = 1, maxSize = 32, parentContextCount = 0, hitCount = 448, missCount = 1]
20:41:38.286 [Test worker] DEBUG o.s.t.c.s.DirtiesContextTestExecutionListener - After test method: class [XPathPerformanceTest], method [stringMatchTimingWithLowercase], class annotated with @DirtiesContext [false] with mode [null], method annotated with @DirtiesContext [false] with mode [null]
20:41:38.286 [Test worker] DEBUG o.s.t.annotation.ProfileValueUtils - Retrieved @ProfileValueSourceConfiguration [null] for test class [tak.server.XPathPerformanceTest]
20:41:38.287 [Test worker] DEBUG o.s.t.annotation.ProfileValueUtils - Retrieved ProfileValueSource type [class org.springframework.test.annotation.SystemProfileValueSource] for class [tak.server.XPathPerformanceTest]
20:41:38.287 [Test worker] DEBUG o.s.t.c.s.DependencyInjectionTestExecutionListener - Performing dependency injection for test class tak.server.XPathPerformanceTest
20:41:38.287 [Test worker] DEBUG o.springframework.test.context.cache - Spring test ApplicationContext cache statistics: [DefaultContextCache@2e7e4480 size = 1, maxSize = 32, parentContextCount = 0, hitCount = 449, missCount = 1]
20:41:38.287 [Test worker] DEBUG o.springframework.test.context.cache - Spring test ApplicationContext cache statistics: [DefaultContextCache@2e7e4480 size = 1, maxSize = 32, parentContextCount = 0, hitCount = 450, missCount = 1]
20:41:38.287 [Test worker] DEBUG o.s.t.c.s.DirtiesContextBeforeModesTestExecutionListener - Before test method: class [XPathPerformanceTest], method [stringMatchTiming], class annotated with @DirtiesContext [false] with mode [null], method annotated with @DirtiesContext [false] with mode [null]
20:41:38.287 [Test worker] DEBUG o.springframework.test.context.cache - Spring test ApplicationContext cache statistics: [DefaultContextCache@2e7e4480 size = 1, maxSize = 32, parentContextCount = 0, hitCount = 451, missCount = 1]
20:41:38.288 [Test worker] DEBUG o.springframework.test.context.cache - Spring test ApplicationContext cache statistics: [DefaultContextCache@2e7e4480 size = 1, maxSize = 32, parentContextCount = 0, hitCount = 452, missCount = 1]
20:41:38.288 [Test worker] DEBUG o.springframework.test.context.cache - Spring test ApplicationContext cache statistics: [DefaultContextCache@2e7e4480 size = 1, maxSize = 32, parentContextCount = 0, hitCount = 453, missCount = 1]
20:41:38.288 [Test worker] INFO  tak.server.XPathPerformanceTest - string match mission success timing: 7083 ns
20:41:38.288 [Test worker] INFO  tak.server.XPathPerformanceTest - string match mission success timing: 1490 ns
20:41:38.288 [Test worker] INFO  tak.server.XPathPerformanceTest - string match mission success timing: 1380 ns
20:41:38.288 [Test worker] INFO  tak.server.XPathPerformanceTest - string match mission success timing: 1351 ns
20:41:38.288 [Test worker] INFO  tak.server.XPathPerformanceTest - string match mission success timing: 1278 ns
20:41:38.288 [Test worker] INFO  tak.server.XPathPerformanceTest - string match mission success timing: 1149 ns
20:41:38.288 [Test worker] INFO  tak.server.XPathPerformanceTest - string match mission success timing: 1157 ns
20:41:38.288 [Test worker] INFO  tak.server.XPathPerformanceTest - string match mission success timing: 1149 ns
20:41:38.288 [Test worker] INFO  tak.server.XPathPerformanceTest - string match mission success timing: 1122 ns
20:41:38.288 [Test worker] INFO  tak.server.XPathPerformanceTest - string match mission success timing: 1121 ns
20:41:38.288 [Test worker] INFO  tak.server.XPathPerformanceTest - string no-match timing: 1081 ns
20:41:38.288 [Test worker] INFO  tak.server.XPathPerformanceTest - string no-match timing: 1292 ns
20:41:38.288 [Test worker] INFO  tak.server.XPathPerformanceTest - string no-match timing: 1224 ns
20:41:38.288 [Test worker] INFO  tak.server.XPathPerformanceTest - string no-match timing: 1244 ns
20:41:38.288 [Test worker] INFO  tak.server.XPathPerformanceTest - string no-match timing: 1238 ns
20:41:38.288 [Test worker] INFO  tak.server.XPathPerformanceTest - string no-match timing: 1261 ns
20:41:38.289 [Test worker] INFO  tak.server.XPathPerformanceTest - string no-match timing: 1288 ns
20:41:38.289 [Test worker] INFO  tak.server.XPathPerformanceTest - string no-match timing: 1294 ns
20:41:38.289 [Test worker] INFO  tak.server.XPathPerformanceTest - string no-match timing: 1179 ns
20:41:38.289 [Test worker] INFO  tak.server.XPathPerformanceTest - string no-match timing: 1063 ns
20:41:38.289 [Test worker] DEBUG o.springframework.test.context.cache - Spring test ApplicationContext cache statistics: [DefaultContextCache@2e7e4480 size = 1, maxSize = 32, parentContextCount = 0, hitCount = 454, missCount = 1]
20:41:38.289 [Test worker] DEBUG o.springframework.test.context.cache - Spring test ApplicationContext cache statistics: [DefaultContextCache@2e7e4480 size = 1, maxSize = 32, parentContextCount = 0, hitCount = 455, missCount = 1]
20:41:38.289 [Test worker] DEBUG o.springframework.test.context.cache - Spring test ApplicationContext cache statistics: [DefaultContextCache@2e7e4480 size = 1, maxSize = 32, parentContextCount = 0, hitCount = 456, missCount = 1]
20:41:38.289 [Test worker] DEBUG o.springframework.test.context.cache - Spring test ApplicationContext cache statistics: [DefaultContextCache@2e7e4480 size = 1, maxSize = 32, parentContextCount = 0, hitCount = 457, missCount = 1]
20:41:38.289 [Test worker] DEBUG o.springframework.test.context.cache - Spring test ApplicationContext cache statistics: [DefaultContextCache@2e7e4480 size = 1, maxSize = 32, parentContextCount = 0, hitCount = 458, missCount = 1]
20:41:38.289 [Test worker] DEBUG o.springframework.test.context.cache - Spring test ApplicationContext cache statistics: [DefaultContextCache@2e7e4480 size = 1, maxSize = 32, parentContextCount = 0, hitCount = 459, missCount = 1]
20:41:38.289 [Test worker] DEBUG o.s.t.c.s.DirtiesContextTestExecutionListener - After test method: class [XPathPerformanceTest], method [stringMatchTiming], class annotated with @DirtiesContext [false] with mode [null], method annotated with @DirtiesContext [false] with mode [null]
20:41:38.289 [Test worker] DEBUG o.springframework.test.context.cache - Spring test ApplicationContext cache statistics: [DefaultContextCache@2e7e4480 size = 1, maxSize = 32, parentContextCount = 0, hitCount = 460, missCount = 1]
20:41:38.289 [Test worker] DEBUG o.s.t.c.s.DirtiesContextTestExecutionListener - After test class: class [XPathPerformanceTest], class annotated with @DirtiesContext [false] with mode [null]
]]></system-out>
  <system-err><![CDATA[]]></system-err>
</testsuite>
