<?xml version="1.0" encoding="UTF-8"?>
<testsuite name="tak.server.MissionAuthorizationTests" tests="2" skipped="0" failures="0" errors="0" timestamp="2025-04-08T23:00:55" hostname="lenss-10" time="6.999">
  <properties/>
  <testcase name="testMissionRoles" classname="tak.server.MissionAuthorizationTests" time="0.008"/>
  <testcase name="testMissionToken" classname="tak.server.MissionAuthorizationTests" time="6.99"/>
  <system-out><![CDATA[18:00:55.200 [Test worker] DEBUG o.s.t.c.s.DefaultTestContextBootstrapper - Using ContextCustomizers for test class [MissionAuthorizationTests]: [DisableObservabilityContextCustomizer, PropertyMappingContextCustomizer, WebDriverContextCustomizer, ExcludeFilterContextCustomizer, DuplicateJsonObjectContextCustomizer, MockitoContextCustomizer]
18:00:55.203 [Test worker] DEBUG o.s.t.c.u.TestContextSpringFactoriesUtils - Skipping candidate TestExecutionListener [org.springframework.test.context.observation.MicrometerObservationRegistryTestExecutionListener] due to a missing dependency. Specify custom TestExecutionListener classes or make the default TestExecutionListener classes and their required dependencies available. Offending class: io.micrometer.context.ThreadLocalAccessor. MicrometerObservationRegistryTestExecutionListener requires io.micrometer:micrometer-observation:1.10.8 or higher and io.micrometer:context-propagation:1.0.3 or higher.
18:00:55.204 [Test worker] DEBUG o.s.t.c.s.DefaultTestContextBootstrapper - Using TestExecutionListeners for test class [MissionAuthorizationTests]: [ServletTestExecutionListener, DirtiesContextBeforeModesTestExecutionListener, ApplicationEventsTestExecutionListener, MockitoTestExecutionListener, DependencyInjectionTestExecutionListener, DirtiesContextTestExecutionListener, TransactionalTestExecutionListener, SqlScriptsTestExecutionListener, EventPublishingTestExecutionListener, RestDocsTestExecutionListener, MockRestServiceServerResetTestExecutionListener, MockMvcPrintOnlyOnFailureTestExecutionListener, WebDriverTestExecutionListener, MockWebServiceServerTestExecutionListener, ResetMocksTestExecutionListener]
18:00:55.204 [Test worker] DEBUG o.s.t.annotation.ProfileValueUtils - Retrieved @ProfileValueSourceConfiguration [null] for test class [tak.server.MissionAuthorizationTests]
18:00:55.204 [Test worker] DEBUG o.s.t.annotation.ProfileValueUtils - Retrieved ProfileValueSource type [class org.springframework.test.annotation.SystemProfileValueSource] for class [tak.server.MissionAuthorizationTests]
18:00:55.204 [Test worker] DEBUG o.s.t.annotation.ProfileValueUtils - Retrieved @ProfileValueSourceConfiguration [null] for test class [tak.server.MissionAuthorizationTests]
18:00:55.204 [Test worker] DEBUG o.s.t.annotation.ProfileValueUtils - Retrieved ProfileValueSource type [class org.springframework.test.annotation.SystemProfileValueSource] for class [tak.server.MissionAuthorizationTests]
18:00:55.205 [Test worker] DEBUG o.s.t.c.s.DirtiesContextBeforeModesTestExecutionListener - Before test class: class [MissionAuthorizationTests], class annotated with @DirtiesContext [false] with mode [null]
18:00:55.206 [Test worker] DEBUG o.springframework.test.context.cache - Spring test ApplicationContext cache statistics: [DefaultContextCache@782143e8 size = 1, maxSize = 32, parentContextCount = 0, hitCount = 150, missCount = 1]
18:00:55.206 [Test worker] DEBUG o.s.t.annotation.ProfileValueUtils - Retrieved @ProfileValueSourceConfiguration [null] for test class [tak.server.MissionAuthorizationTests]
18:00:55.206 [Test worker] DEBUG o.s.t.annotation.ProfileValueUtils - Retrieved ProfileValueSource type [class org.springframework.test.annotation.SystemProfileValueSource] for class [tak.server.MissionAuthorizationTests]
18:00:55.207 [Test worker] DEBUG o.s.t.c.s.DependencyInjectionTestExecutionListener - Performing dependency injection for test class tak.server.MissionAuthorizationTests
18:00:55.207 [Test worker] DEBUG o.springframework.test.context.cache - Spring test ApplicationContext cache statistics: [DefaultContextCache@782143e8 size = 1, maxSize = 32, parentContextCount = 0, hitCount = 151, missCount = 1]
18:00:55.207 [Test worker] DEBUG o.springframework.test.context.cache - Spring test ApplicationContext cache statistics: [DefaultContextCache@782143e8 size = 1, maxSize = 32, parentContextCount = 0, hitCount = 152, missCount = 1]
18:00:55.208 [Test worker] DEBUG o.s.t.c.s.DirtiesContextBeforeModesTestExecutionListener - Before test method: class [MissionAuthorizationTests], method [testMissionRoles], class annotated with @DirtiesContext [false] with mode [null], method annotated with @DirtiesContext [false] with mode [null]
18:00:55.208 [Test worker] DEBUG o.springframework.test.context.cache - Spring test ApplicationContext cache statistics: [DefaultContextCache@782143e8 size = 1, maxSize = 32, parentContextCount = 0, hitCount = 153, missCount = 1]
18:00:55.209 [Test worker] DEBUG o.springframework.test.context.cache - Spring test ApplicationContext cache statistics: [DefaultContextCache@782143e8 size = 1, maxSize = 32, parentContextCount = 0, hitCount = 154, missCount = 1]
18:00:55.210 [Test worker] DEBUG o.springframework.test.context.cache - Spring test ApplicationContext cache statistics: [DefaultContextCache@782143e8 size = 1, maxSize = 32, parentContextCount = 0, hitCount = 155, missCount = 1]
18:00:55.215 [Test worker] DEBUG o.springframework.test.context.cache - Spring test ApplicationContext cache statistics: [DefaultContextCache@782143e8 size = 1, maxSize = 32, parentContextCount = 0, hitCount = 156, missCount = 1]
18:00:55.215 [Test worker] DEBUG o.springframework.test.context.cache - Spring test ApplicationContext cache statistics: [DefaultContextCache@782143e8 size = 1, maxSize = 32, parentContextCount = 0, hitCount = 157, missCount = 1]
18:00:55.215 [Test worker] DEBUG o.springframework.test.context.cache - Spring test ApplicationContext cache statistics: [DefaultContextCache@782143e8 size = 1, maxSize = 32, parentContextCount = 0, hitCount = 158, missCount = 1]
18:00:55.215 [Test worker] DEBUG o.springframework.test.context.cache - Spring test ApplicationContext cache statistics: [DefaultContextCache@782143e8 size = 1, maxSize = 32, parentContextCount = 0, hitCount = 159, missCount = 1]
18:00:55.215 [Test worker] DEBUG o.springframework.test.context.cache - Spring test ApplicationContext cache statistics: [DefaultContextCache@782143e8 size = 1, maxSize = 32, parentContextCount = 0, hitCount = 160, missCount = 1]
18:00:55.216 [Test worker] DEBUG o.springframework.test.context.cache - Spring test ApplicationContext cache statistics: [DefaultContextCache@782143e8 size = 1, maxSize = 32, parentContextCount = 0, hitCount = 161, missCount = 1]
18:00:55.216 [Test worker] DEBUG o.s.t.c.s.DirtiesContextTestExecutionListener - After test method: class [MissionAuthorizationTests], method [testMissionRoles], class annotated with @DirtiesContext [false] with mode [null], method annotated with @DirtiesContext [false] with mode [null]
18:00:55.216 [Test worker] DEBUG o.s.t.annotation.ProfileValueUtils - Retrieved @ProfileValueSourceConfiguration [null] for test class [tak.server.MissionAuthorizationTests]
18:00:55.216 [Test worker] DEBUG o.s.t.annotation.ProfileValueUtils - Retrieved ProfileValueSource type [class org.springframework.test.annotation.SystemProfileValueSource] for class [tak.server.MissionAuthorizationTests]
18:00:55.216 [Test worker] DEBUG o.s.t.c.s.DependencyInjectionTestExecutionListener - Performing dependency injection for test class tak.server.MissionAuthorizationTests
18:00:55.216 [Test worker] DEBUG o.springframework.test.context.cache - Spring test ApplicationContext cache statistics: [DefaultContextCache@782143e8 size = 1, maxSize = 32, parentContextCount = 0, hitCount = 162, missCount = 1]
18:00:55.217 [Test worker] DEBUG o.springframework.test.context.cache - Spring test ApplicationContext cache statistics: [DefaultContextCache@782143e8 size = 1, maxSize = 32, parentContextCount = 0, hitCount = 163, missCount = 1]
18:00:55.217 [Test worker] DEBUG o.s.t.c.s.DirtiesContextBeforeModesTestExecutionListener - Before test method: class [MissionAuthorizationTests], method [testMissionToken], class annotated with @DirtiesContext [false] with mode [null], method annotated with @DirtiesContext [false] with mode [null]
18:00:55.217 [Test worker] DEBUG o.springframework.test.context.cache - Spring test ApplicationContext cache statistics: [DefaultContextCache@782143e8 size = 1, maxSize = 32, parentContextCount = 0, hitCount = 164, missCount = 1]
18:00:55.217 [Test worker] DEBUG o.springframework.test.context.cache - Spring test ApplicationContext cache statistics: [DefaultContextCache@782143e8 size = 1, maxSize = 32, parentContextCount = 0, hitCount = 165, missCount = 1]
18:00:55.218 [Test worker] DEBUG o.springframework.test.context.cache - Spring test ApplicationContext cache statistics: [DefaultContextCache@782143e8 size = 1, maxSize = 32, parentContextCount = 0, hitCount = 166, missCount = 1]
18:01:02.205 [Test worker] DEBUG o.springframework.test.context.cache - Spring test ApplicationContext cache statistics: [DefaultContextCache@782143e8 size = 1, maxSize = 32, parentContextCount = 0, hitCount = 167, missCount = 1]
18:01:02.206 [Test worker] DEBUG o.springframework.test.context.cache - Spring test ApplicationContext cache statistics: [DefaultContextCache@782143e8 size = 1, maxSize = 32, parentContextCount = 0, hitCount = 168, missCount = 1]
18:01:02.206 [Test worker] DEBUG o.springframework.test.context.cache - Spring test ApplicationContext cache statistics: [DefaultContextCache@782143e8 size = 1, maxSize = 32, parentContextCount = 0, hitCount = 169, missCount = 1]
18:01:02.206 [Test worker] DEBUG o.springframework.test.context.cache - Spring test ApplicationContext cache statistics: [DefaultContextCache@782143e8 size = 1, maxSize = 32, parentContextCount = 0, hitCount = 170, missCount = 1]
18:01:02.206 [Test worker] DEBUG o.springframework.test.context.cache - Spring test ApplicationContext cache statistics: [DefaultContextCache@782143e8 size = 1, maxSize = 32, parentContextCount = 0, hitCount = 171, missCount = 1]
18:01:02.206 [Test worker] DEBUG o.springframework.test.context.cache - Spring test ApplicationContext cache statistics: [DefaultContextCache@782143e8 size = 1, maxSize = 32, parentContextCount = 0, hitCount = 172, missCount = 1]
18:01:02.207 [Test worker] DEBUG o.s.t.c.s.DirtiesContextTestExecutionListener - After test method: class [MissionAuthorizationTests], method [testMissionToken], class annotated with @DirtiesContext [false] with mode [null], method annotated with @DirtiesContext [false] with mode [null]
18:01:02.207 [Test worker] DEBUG o.springframework.test.context.cache - Spring test ApplicationContext cache statistics: [DefaultContextCache@782143e8 size = 1, maxSize = 32, parentContextCount = 0, hitCount = 173, missCount = 1]
18:01:02.207 [Test worker] DEBUG o.s.t.c.s.DirtiesContextTestExecutionListener - After test class: class [MissionAuthorizationTests], class annotated with @DirtiesContext [false] with mode [null]
]]></system-out>
  <system-err><![CDATA[[18:01:00] New version is available at ignite.apache.org: 2.17.0
]]></system-err>
</testsuite>
